2022-08-30 10:37:55 [http-nio-8080-exec-9] INFO  com.example.todo.api.TodoController - REQUEST: Iniciando petición para obtener el listado de TODO's
2022-08-30 10:37:55 [http-nio-8080-exec-9] INFO  com.example.todo.bl.TodoBl - BUSINESS-LOGIC: Iniciando consulta para obtener el listado de todo's
2022-08-30 10:37:55 [http-nio-8080-exec-9] INFO  com.example.todo.bl.TodoBl - BUSINESS-LOGIC: La consulta para obtener el listado de todo's retorno: [TodoEntity{id=1, description='test', createdAt=2022-08-25 12:32:32.0, updatedAt=null, status=1}, TodoEntity{id=2, description='test', createdAt=2022-08-25 12:32:32.0, updatedAt=null, status=1}, TodoEntity{id=3, description='test', createdAt=2022-08-25 12:32:33.0, updatedAt=null, status=1}, TodoEntity{id=4, description='test', createdAt=2022-08-25 12:32:33.0, updatedAt=null, status=1}, TodoEntity{id=5, description='test', createdAt=2022-08-25 12:32:34.0, updatedAt=null, status=1}, TodoEntity{id=6, description='test6', createdAt=2022-08-25 12:37:15.0, updatedAt=null, status=1}, TodoEntity{id=7, description='test7', createdAt=2022-08-26 06:39:02.0, updatedAt=null, status=1}, TodoEntity{id=8, description='test8', createdAt=2022-08-26 07:00:37.0, updatedAt=null, status=1}, TodoEntity{id=9, description='test8', createdAt=2022-08-29 19:00:21.0, updatedAt=null, status=1}, TodoEntity{id=10, description='test8', createdAt=2022-08-29 19:06:08.0, updatedAt=null, status=1}]
2022-08-30 10:42:20 [http-nio-8080-exec-1] INFO  com.example.todo.api.TodoController - REQUEST: Iniciando petición para obtener el listado de TODO's
2022-08-30 10:42:20 [http-nio-8080-exec-1] INFO  com.example.todo.bl.TodoBl - BUSINESS-LOGIC: Iniciando consulta para obtener el listado de todo's
2022-08-30 10:42:20 [http-nio-8080-exec-1] INFO  com.example.todo.bl.TodoBl - BUSINESS-LOGIC: La consulta para obtener el listado de todo's retorno: [TodoEntity{id=1, description='test', createdAt=2022-08-25 12:32:32.0, updatedAt=null, status=1}, TodoEntity{id=2, description='test', createdAt=2022-08-25 12:32:32.0, updatedAt=null, status=1}, TodoEntity{id=3, description='test', createdAt=2022-08-25 12:32:33.0, updatedAt=null, status=1}, TodoEntity{id=4, description='test', createdAt=2022-08-25 12:32:33.0, updatedAt=null, status=1}, TodoEntity{id=5, description='test', createdAt=2022-08-25 12:32:34.0, updatedAt=null, status=1}, TodoEntity{id=6, description='test6', createdAt=2022-08-25 12:37:15.0, updatedAt=null, status=1}, TodoEntity{id=7, description='test7', createdAt=2022-08-26 06:39:02.0, updatedAt=null, status=1}, TodoEntity{id=8, description='test8', createdAt=2022-08-26 07:00:37.0, updatedAt=null, status=1}, TodoEntity{id=9, description='test8', createdAt=2022-08-29 19:00:21.0, updatedAt=null, status=1}, TodoEntity{id=10, description='test8', createdAt=2022-08-29 19:06:08.0, updatedAt=null, status=1}]
2022-08-30 17:10:04 [main] INFO  com.example.todo.TodoApplication - Starting TodoApplication using Java 11.0.16 on bitius-TECRA-Z40-C with PID 165894 (/home/bitius/Escritorio/TODO/BACKEND/backendHomeworkTodo1/target/classes started by bitius in /home/bitius/Escritorio/TODO/BACKEND/backendHomeworkTodo1)
2022-08-30 17:10:04 [main] INFO  com.example.todo.TodoApplication - No active profile set, falling back to 1 default profile: "default"
2022-08-30 17:10:04 [main] INFO  o.s.d.r.c.RepositoryConfigurationDelegate - Bootstrapping Spring Data JPA repositories in DEFAULT mode.
2022-08-30 17:10:04 [main] INFO  o.s.d.r.c.RepositoryConfigurationDelegate - Finished Spring Data repository scanning in 54 ms. Found 1 JPA repository interfaces.
2022-08-30 17:10:05 [main] INFO  o.s.b.w.e.tomcat.TomcatWebServer - Tomcat initialized with port(s): 8080 (http)
2022-08-30 17:10:05 [main] INFO  o.a.catalina.core.StandardService - Starting service [Tomcat]
2022-08-30 17:10:05 [main] INFO  o.a.catalina.core.StandardEngine - Starting Servlet engine: [Apache Tomcat/9.0.65]
2022-08-30 17:10:05 [main] INFO  o.a.c.c.C.[Tomcat].[localhost].[/] - Initializing Spring embedded WebApplicationContext
2022-08-30 17:10:05 [main] INFO  o.s.b.w.s.c.ServletWebServerApplicationContext - Root WebApplicationContext: initialization completed in 1836 ms
2022-08-30 17:10:06 [main] INFO  o.h.jpa.internal.util.LogHelper - HHH000204: Processing PersistenceUnitInfo [name: default]
2022-08-30 17:10:06 [main] INFO  org.hibernate.Version - HHH000412: Hibernate ORM core version 5.6.10.Final
2022-08-30 17:10:06 [main] INFO  o.h.annotations.common.Version - HCANN000001: Hibernate Commons Annotations {5.1.2.Final}
2022-08-30 17:10:06 [main] INFO  com.zaxxer.hikari.HikariDataSource - HikariPool-1 - Starting...
2022-08-30 17:10:07 [main] INFO  com.zaxxer.hikari.HikariDataSource - HikariPool-1 - Start completed.
2022-08-30 17:10:07 [main] INFO  org.hibernate.dialect.Dialect - HHH000400: Using dialect: org.hibernate.dialect.MySQL5InnoDBDialect
2022-08-30 17:10:08 [main] INFO  o.h.e.t.j.p.i.JtaPlatformInitiator - HHH000490: Using JtaPlatform implementation: [org.hibernate.engine.transaction.jta.platform.internal.NoJtaPlatform]
2022-08-30 17:10:08 [main] INFO  o.s.o.j.LocalContainerEntityManagerFactoryBean - Initialized JPA EntityManagerFactory for persistence unit 'default'
2022-08-30 17:10:08 [main] WARN  o.s.b.a.o.j.JpaBaseConfiguration$JpaWebConfiguration - spring.jpa.open-in-view is enabled by default. Therefore, database queries may be performed during view rendering. Explicitly configure spring.jpa.open-in-view to disable this warning
2022-08-30 17:10:09 [main] WARN  o.s.b.w.s.c.AnnotationConfigServletWebServerApplicationContext - Exception encountered during context initialization - cancelling refresh attempt: org.springframework.context.ApplicationContextException: Failed to start bean 'webServerStartStop'; nested exception is org.springframework.boot.web.server.WebServerException: Unable to start embedded Tomcat server
2022-08-30 17:10:09 [main] INFO  o.s.o.j.LocalContainerEntityManagerFactoryBean - Closing JPA EntityManagerFactory for persistence unit 'default'
2022-08-30 17:10:09 [main] INFO  com.zaxxer.hikari.HikariDataSource - HikariPool-1 - Shutdown initiated...
2022-08-30 17:10:09 [main] INFO  com.zaxxer.hikari.HikariDataSource - HikariPool-1 - Shutdown completed.
2022-08-30 17:10:09 [main] INFO  o.a.catalina.core.StandardService - Stopping service [Tomcat]
2022-08-30 17:10:10 [main] INFO  o.s.b.a.l.ConditionEvaluationReportLoggingListener - 

Error starting ApplicationContext. To display the conditions report re-run your application with 'debug' enabled.
2022-08-30 17:10:10 [main] ERROR o.s.boot.SpringApplication - Application run failed
org.springframework.context.ApplicationContextException: Failed to start bean 'webServerStartStop'; nested exception is org.springframework.boot.web.server.WebServerException: Unable to start embedded Tomcat server
	at org.springframework.context.support.DefaultLifecycleProcessor.doStart(DefaultLifecycleProcessor.java:181)
	at org.springframework.context.support.DefaultLifecycleProcessor.access$200(DefaultLifecycleProcessor.java:54)
	at org.springframework.context.support.DefaultLifecycleProcessor$LifecycleGroup.start(DefaultLifecycleProcessor.java:356)
	at java.base/java.lang.Iterable.forEach(Iterable.java:75)
	at org.springframework.context.support.DefaultLifecycleProcessor.startBeans(DefaultLifecycleProcessor.java:155)
	at org.springframework.context.support.DefaultLifecycleProcessor.onRefresh(DefaultLifecycleProcessor.java:123)
	at org.springframework.context.support.AbstractApplicationContext.finishRefresh(AbstractApplicationContext.java:935)
	at org.springframework.context.support.AbstractApplicationContext.refresh(AbstractApplicationContext.java:586)
	at org.springframework.boot.web.servlet.context.ServletWebServerApplicationContext.refresh(ServletWebServerApplicationContext.java:147)
	at org.springframework.boot.SpringApplication.refresh(SpringApplication.java:734)
	at org.springframework.boot.SpringApplication.refreshContext(SpringApplication.java:408)
	at org.springframework.boot.SpringApplication.run(SpringApplication.java:308)
	at org.springframework.boot.SpringApplication.run(SpringApplication.java:1306)
	at org.springframework.boot.SpringApplication.run(SpringApplication.java:1295)
	at com.example.todo.TodoApplication.main(TodoApplication.java:10)
Caused by: org.springframework.boot.web.server.WebServerException: Unable to start embedded Tomcat server
	at org.springframework.boot.web.embedded.tomcat.TomcatWebServer.start(TomcatWebServer.java:229)
	at org.springframework.boot.web.servlet.context.WebServerStartStopLifecycle.start(WebServerStartStopLifecycle.java:43)
	at org.springframework.context.support.DefaultLifecycleProcessor.doStart(DefaultLifecycleProcessor.java:178)
	... 14 common frames omitted
Caused by: java.lang.IllegalArgumentException: standardService.connector.startFailed
	at org.apache.catalina.core.StandardService.addConnector(StandardService.java:238)
	at org.springframework.boot.web.embedded.tomcat.TomcatWebServer.addPreviouslyRemovedConnectors(TomcatWebServer.java:282)
	at org.springframework.boot.web.embedded.tomcat.TomcatWebServer.start(TomcatWebServer.java:213)
	... 16 common frames omitted
Caused by: org.apache.catalina.LifecycleException: Protocol handler start failed
	at org.apache.catalina.connector.Connector.startInternal(Connector.java:1077)
	at org.apache.catalina.util.LifecycleBase.start(LifecycleBase.java:183)
	at org.apache.catalina.core.StandardService.addConnector(StandardService.java:234)
	... 18 common frames omitted
Caused by: java.net.BindException: La dirección ya se está usando
	at java.base/sun.nio.ch.Net.bind0(Native Method)
	at java.base/sun.nio.ch.Net.bind(Net.java:459)
	at java.base/sun.nio.ch.Net.bind(Net.java:448)
	at java.base/sun.nio.ch.ServerSocketChannelImpl.bind(ServerSocketChannelImpl.java:227)
	at org.apache.tomcat.util.net.NioEndpoint.initServerSocket(NioEndpoint.java:275)
	at org.apache.tomcat.util.net.NioEndpoint.bind(NioEndpoint.java:230)
	at org.apache.tomcat.util.net.AbstractEndpoint.bindWithCleanup(AbstractEndpoint.java:1227)
	at org.apache.tomcat.util.net.AbstractEndpoint.start(AbstractEndpoint.java:1313)
	at org.apache.coyote.AbstractProtocol.start(AbstractProtocol.java:614)
	at org.apache.catalina.connector.Connector.startInternal(Connector.java:1074)
	... 20 common frames omitted
2022-08-30 17:12:18 [main] INFO  com.example.todo.TodoApplication - Starting TodoApplication using Java 11.0.16 on bitius-TECRA-Z40-C with PID 167324 (/home/bitius/Escritorio/TODO/BACKEND/backendHomeworkTodo1/target/classes started by bitius in /home/bitius/Escritorio/TODO/BACKEND/backendHomeworkTodo1)
2022-08-30 17:12:18 [main] INFO  com.example.todo.TodoApplication - No active profile set, falling back to 1 default profile: "default"
2022-08-30 17:12:19 [main] INFO  o.s.d.r.c.RepositoryConfigurationDelegate - Bootstrapping Spring Data JPA repositories in DEFAULT mode.
2022-08-30 17:12:19 [main] INFO  o.s.d.r.c.RepositoryConfigurationDelegate - Finished Spring Data repository scanning in 70 ms. Found 1 JPA repository interfaces.
2022-08-30 17:12:20 [main] INFO  o.s.b.w.e.tomcat.TomcatWebServer - Tomcat initialized with port(s): 8080 (http)
2022-08-30 17:12:20 [main] INFO  o.a.catalina.core.StandardService - Starting service [Tomcat]
2022-08-30 17:12:20 [main] INFO  o.a.catalina.core.StandardEngine - Starting Servlet engine: [Apache Tomcat/9.0.65]
2022-08-30 17:12:21 [main] INFO  o.a.c.c.C.[Tomcat].[localhost].[/] - Initializing Spring embedded WebApplicationContext
2022-08-30 17:12:21 [main] INFO  o.s.b.w.s.c.ServletWebServerApplicationContext - Root WebApplicationContext: initialization completed in 2766 ms
2022-08-30 17:12:21 [main] INFO  o.h.jpa.internal.util.LogHelper - HHH000204: Processing PersistenceUnitInfo [name: default]
2022-08-30 17:12:22 [main] INFO  org.hibernate.Version - HHH000412: Hibernate ORM core version 5.6.10.Final
2022-08-30 17:12:22 [main] INFO  o.h.annotations.common.Version - HCANN000001: Hibernate Commons Annotations {5.1.2.Final}
2022-08-30 17:12:22 [main] INFO  com.zaxxer.hikari.HikariDataSource - HikariPool-1 - Starting...
2022-08-30 17:12:22 [main] INFO  com.zaxxer.hikari.HikariDataSource - HikariPool-1 - Start completed.
2022-08-30 17:12:22 [main] INFO  org.hibernate.dialect.Dialect - HHH000400: Using dialect: org.hibernate.dialect.MySQL5InnoDBDialect
2022-08-30 17:12:23 [main] INFO  o.h.e.t.j.p.i.JtaPlatformInitiator - HHH000490: Using JtaPlatform implementation: [org.hibernate.engine.transaction.jta.platform.internal.NoJtaPlatform]
2022-08-30 17:12:24 [main] INFO  o.s.o.j.LocalContainerEntityManagerFactoryBean - Initialized JPA EntityManagerFactory for persistence unit 'default'
2022-08-30 17:12:29 [main] WARN  o.s.b.a.o.j.JpaBaseConfiguration$JpaWebConfiguration - spring.jpa.open-in-view is enabled by default. Therefore, database queries may be performed during view rendering. Explicitly configure spring.jpa.open-in-view to disable this warning
2022-08-30 17:14:16 [HikariPool-1 housekeeper] WARN  com.zaxxer.hikari.pool.HikariPool - HikariPool-1 - Thread starvation or clock leap detected (housekeeper delta=52s662ms430µs270ns).
2022-08-30 17:14:20 [main] WARN  o.s.b.w.s.c.AnnotationConfigServletWebServerApplicationContext - Exception encountered during context initialization - cancelling refresh attempt: org.springframework.context.ApplicationContextException: Failed to start bean 'webServerStartStop'; nested exception is org.springframework.boot.web.server.WebServerException: Unable to start embedded Tomcat server
2022-08-30 17:14:20 [main] INFO  o.s.o.j.LocalContainerEntityManagerFactoryBean - Closing JPA EntityManagerFactory for persistence unit 'default'
2022-08-30 17:14:20 [main] INFO  com.zaxxer.hikari.HikariDataSource - HikariPool-1 - Shutdown initiated...
2022-08-30 17:14:20 [main] INFO  com.zaxxer.hikari.HikariDataSource - HikariPool-1 - Shutdown completed.
2022-08-30 17:14:20 [main] INFO  o.a.catalina.core.StandardService - Stopping service [Tomcat]
2022-08-30 17:14:20 [main] INFO  o.s.b.a.l.ConditionEvaluationReportLoggingListener - 

Error starting ApplicationContext. To display the conditions report re-run your application with 'debug' enabled.
2022-08-30 17:14:20 [main] ERROR o.s.boot.SpringApplication - Application run failed
org.springframework.context.ApplicationContextException: Failed to start bean 'webServerStartStop'; nested exception is org.springframework.boot.web.server.WebServerException: Unable to start embedded Tomcat server
	at org.springframework.context.support.DefaultLifecycleProcessor.doStart(DefaultLifecycleProcessor.java:181)
	at org.springframework.context.support.DefaultLifecycleProcessor.access$200(DefaultLifecycleProcessor.java:54)
	at org.springframework.context.support.DefaultLifecycleProcessor$LifecycleGroup.start(DefaultLifecycleProcessor.java:356)
	at java.base/java.lang.Iterable.forEach(Iterable.java:75)
	at org.springframework.context.support.DefaultLifecycleProcessor.startBeans(DefaultLifecycleProcessor.java:155)
	at org.springframework.context.support.DefaultLifecycleProcessor.onRefresh(DefaultLifecycleProcessor.java:123)
	at org.springframework.context.support.AbstractApplicationContext.finishRefresh(AbstractApplicationContext.java:935)
	at org.springframework.context.support.AbstractApplicationContext.refresh(AbstractApplicationContext.java:586)
	at org.springframework.boot.web.servlet.context.ServletWebServerApplicationContext.refresh(ServletWebServerApplicationContext.java:147)
	at org.springframework.boot.SpringApplication.refresh(SpringApplication.java:734)
	at org.springframework.boot.SpringApplication.refreshContext(SpringApplication.java:408)
	at org.springframework.boot.SpringApplication.run(SpringApplication.java:308)
	at org.springframework.boot.SpringApplication.run(SpringApplication.java:1306)
	at org.springframework.boot.SpringApplication.run(SpringApplication.java:1295)
	at com.example.todo.TodoApplication.main(TodoApplication.java:10)
Caused by: org.springframework.boot.web.server.WebServerException: Unable to start embedded Tomcat server
	at org.springframework.boot.web.embedded.tomcat.TomcatWebServer.start(TomcatWebServer.java:229)
	at org.springframework.boot.web.servlet.context.WebServerStartStopLifecycle.start(WebServerStartStopLifecycle.java:43)
	at org.springframework.context.support.DefaultLifecycleProcessor.doStart(DefaultLifecycleProcessor.java:178)
	... 14 common frames omitted
Caused by: java.lang.IllegalArgumentException: standardService.connector.startFailed
	at org.apache.catalina.core.StandardService.addConnector(StandardService.java:238)
	at org.springframework.boot.web.embedded.tomcat.TomcatWebServer.addPreviouslyRemovedConnectors(TomcatWebServer.java:282)
	at org.springframework.boot.web.embedded.tomcat.TomcatWebServer.start(TomcatWebServer.java:213)
	... 16 common frames omitted
Caused by: org.apache.catalina.LifecycleException: Protocol handler start failed
	at org.apache.catalina.connector.Connector.startInternal(Connector.java:1077)
	at org.apache.catalina.util.LifecycleBase.start(LifecycleBase.java:183)
	at org.apache.catalina.core.StandardService.addConnector(StandardService.java:234)
	... 18 common frames omitted
Caused by: java.net.BindException: La dirección ya se está usando
	at java.base/sun.nio.ch.Net.bind0(Native Method)
	at java.base/sun.nio.ch.Net.bind(Net.java:459)
	at java.base/sun.nio.ch.Net.bind(Net.java:448)
	at java.base/sun.nio.ch.ServerSocketChannelImpl.bind(ServerSocketChannelImpl.java:227)
	at org.apache.tomcat.util.net.NioEndpoint.initServerSocket(NioEndpoint.java:275)
	at org.apache.tomcat.util.net.NioEndpoint.bind(NioEndpoint.java:230)
	at org.apache.tomcat.util.net.AbstractEndpoint.bindWithCleanup(AbstractEndpoint.java:1227)
	at org.apache.tomcat.util.net.AbstractEndpoint.start(AbstractEndpoint.java:1313)
	at org.apache.coyote.AbstractProtocol.start(AbstractProtocol.java:614)
	at org.apache.catalina.connector.Connector.startInternal(Connector.java:1074)
	... 20 common frames omitted
2022-08-30 17:23:43 [SpringApplicationShutdownHook] INFO  o.s.o.j.LocalContainerEntityManagerFactoryBean - Closing JPA EntityManagerFactory for persistence unit 'default'
2022-08-30 17:23:43 [SpringApplicationShutdownHook] INFO  com.zaxxer.hikari.HikariDataSource - HikariPool-1 - Shutdown initiated...
2022-08-30 17:23:43 [SpringApplicationShutdownHook] INFO  com.zaxxer.hikari.HikariDataSource - HikariPool-1 - Shutdown completed.
2022-08-30 17:24:10 [main] INFO  com.example.todo.TodoApplication - Starting TodoApplication using Java 11.0.16 on bitius-TECRA-Z40-C with PID 174006 (/home/bitius/Escritorio/TODO/BACKEND/backendHomeworkTodo1/target/classes started by bitius in /home/bitius/Escritorio/TODO/BACKEND/backendHomeworkTodo1)
2022-08-30 17:24:10 [main] INFO  com.example.todo.TodoApplication - No active profile set, falling back to 1 default profile: "default"
2022-08-30 17:24:11 [main] INFO  o.s.d.r.c.RepositoryConfigurationDelegate - Bootstrapping Spring Data JPA repositories in DEFAULT mode.
2022-08-30 17:24:11 [main] INFO  o.s.d.r.c.RepositoryConfigurationDelegate - Finished Spring Data repository scanning in 58 ms. Found 1 JPA repository interfaces.
2022-08-30 17:24:11 [main] INFO  o.s.b.w.e.tomcat.TomcatWebServer - Tomcat initialized with port(s): 8080 (http)
2022-08-30 17:24:11 [main] INFO  o.a.catalina.core.StandardService - Starting service [Tomcat]
2022-08-30 17:24:11 [main] INFO  o.a.catalina.core.StandardEngine - Starting Servlet engine: [Apache Tomcat/9.0.65]
2022-08-30 17:24:12 [main] INFO  o.a.c.c.C.[Tomcat].[localhost].[/] - Initializing Spring embedded WebApplicationContext
2022-08-30 17:24:12 [main] INFO  o.s.b.w.s.c.ServletWebServerApplicationContext - Root WebApplicationContext: initialization completed in 1628 ms
2022-08-30 17:24:12 [main] INFO  o.h.jpa.internal.util.LogHelper - HHH000204: Processing PersistenceUnitInfo [name: default]
2022-08-30 17:24:12 [main] INFO  org.hibernate.Version - HHH000412: Hibernate ORM core version 5.6.10.Final
2022-08-30 17:24:12 [main] INFO  o.h.annotations.common.Version - HCANN000001: Hibernate Commons Annotations {5.1.2.Final}
2022-08-30 17:24:12 [main] INFO  com.zaxxer.hikari.HikariDataSource - HikariPool-1 - Starting...
2022-08-30 17:24:12 [main] INFO  com.zaxxer.hikari.HikariDataSource - HikariPool-1 - Start completed.
2022-08-30 17:24:12 [main] INFO  org.hibernate.dialect.Dialect - HHH000400: Using dialect: org.hibernate.dialect.MySQL5InnoDBDialect
2022-08-30 17:24:13 [main] INFO  o.h.e.t.j.p.i.JtaPlatformInitiator - HHH000490: Using JtaPlatform implementation: [org.hibernate.engine.transaction.jta.platform.internal.NoJtaPlatform]
2022-08-30 17:24:13 [main] INFO  o.s.o.j.LocalContainerEntityManagerFactoryBean - Initialized JPA EntityManagerFactory for persistence unit 'default'
2022-08-30 17:24:13 [main] WARN  o.s.b.a.o.j.JpaBaseConfiguration$JpaWebConfiguration - spring.jpa.open-in-view is enabled by default. Therefore, database queries may be performed during view rendering. Explicitly configure spring.jpa.open-in-view to disable this warning
2022-08-30 17:24:14 [main] INFO  o.s.b.w.e.tomcat.TomcatWebServer - Tomcat started on port(s): 8080 (http) with context path ''
2022-08-30 17:24:14 [main] INFO  com.example.todo.TodoApplication - Started TodoApplication in 5.184 seconds (JVM running for 5.559)
2022-08-30 17:52:23 [SpringApplicationShutdownHook] INFO  o.s.o.j.LocalContainerEntityManagerFactoryBean - Closing JPA EntityManagerFactory for persistence unit 'default'
2022-08-30 17:52:23 [SpringApplicationShutdownHook] INFO  com.zaxxer.hikari.HikariDataSource - HikariPool-1 - Shutdown initiated...
2022-08-30 17:52:23 [SpringApplicationShutdownHook] INFO  com.zaxxer.hikari.HikariDataSource - HikariPool-1 - Shutdown completed.
