2022-08-26 06:37:33 [main] INFO  com.example.todo.TodoApplication - Starting TodoApplication using Java 11.0.16 on bitius-TECRA-Z40-C with PID 145592 (/home/bitius/Escritorio/TODO/BACKEND/backendHomeworkTodo1/target/classes started by bitius in /home/bitius/Escritorio/TODO/BACKEND/backendHomeworkTodo1)
2022-08-26 06:37:33 [main] INFO  com.example.todo.TodoApplication - No active profile set, falling back to 1 default profile: "default"
2022-08-26 06:37:34 [main] INFO  o.s.d.r.c.RepositoryConfigurationDelegate - Bootstrapping Spring Data JPA repositories in DEFAULT mode.
2022-08-26 06:37:34 [main] INFO  o.s.d.r.c.RepositoryConfigurationDelegate - Finished Spring Data repository scanning in 73 ms. Found 1 JPA repository interfaces.
2022-08-26 06:37:35 [main] INFO  o.s.b.w.e.tomcat.TomcatWebServer - Tomcat initialized with port(s): 8080 (http)
2022-08-26 06:37:35 [main] INFO  o.a.catalina.core.StandardService - Starting service [Tomcat]
2022-08-26 06:37:35 [main] INFO  o.a.catalina.core.StandardEngine - Starting Servlet engine: [Apache Tomcat/9.0.65]
2022-08-26 06:37:35 [main] INFO  o.a.c.c.C.[Tomcat].[localhost].[/] - Initializing Spring embedded WebApplicationContext
2022-08-26 06:37:35 [main] INFO  o.s.b.w.s.c.ServletWebServerApplicationContext - Root WebApplicationContext: initialization completed in 2200 ms
2022-08-26 06:37:36 [main] INFO  o.h.jpa.internal.util.LogHelper - HHH000204: Processing PersistenceUnitInfo [name: default]
2022-08-26 06:37:36 [main] INFO  org.hibernate.Version - HHH000412: Hibernate ORM core version 5.6.10.Final
2022-08-26 06:37:36 [main] INFO  o.h.annotations.common.Version - HCANN000001: Hibernate Commons Annotations {5.1.2.Final}
2022-08-26 06:37:36 [main] INFO  com.zaxxer.hikari.HikariDataSource - HikariPool-1 - Starting...
2022-08-26 06:37:36 [main] INFO  com.zaxxer.hikari.HikariDataSource - HikariPool-1 - Start completed.
2022-08-26 06:37:36 [main] INFO  org.hibernate.dialect.Dialect - HHH000400: Using dialect: org.hibernate.dialect.MySQL5InnoDBDialect
2022-08-26 06:37:37 [main] INFO  o.h.e.t.j.p.i.JtaPlatformInitiator - HHH000490: Using JtaPlatform implementation: [org.hibernate.engine.transaction.jta.platform.internal.NoJtaPlatform]
2022-08-26 06:37:37 [main] INFO  o.s.o.j.LocalContainerEntityManagerFactoryBean - Initialized JPA EntityManagerFactory for persistence unit 'default'
2022-08-26 06:37:37 [main] WARN  o.s.b.a.o.j.JpaBaseConfiguration$JpaWebConfiguration - spring.jpa.open-in-view is enabled by default. Therefore, database queries may be performed during view rendering. Explicitly configure spring.jpa.open-in-view to disable this warning
2022-08-26 06:37:38 [main] INFO  o.s.b.w.e.tomcat.TomcatWebServer - Tomcat started on port(s): 8080 (http) with context path ''
2022-08-26 06:37:38 [main] INFO  com.example.todo.TodoApplication - Started TodoApplication in 5.616 seconds (JVM running for 5.964)
2022-08-26 06:38:32 [http-nio-8080-exec-1] INFO  o.a.c.c.C.[Tomcat].[localhost].[/] - Initializing Spring DispatcherServlet 'dispatcherServlet'
2022-08-26 06:38:32 [http-nio-8080-exec-1] INFO  o.s.web.servlet.DispatcherServlet - Initializing Servlet 'dispatcherServlet'
2022-08-26 06:38:32 [http-nio-8080-exec-1] INFO  o.s.web.servlet.DispatcherServlet - Completed initialization in 3 ms
2022-08-26 06:38:32 [http-nio-8080-exec-1] INFO  com.example.todo.api.TodoController - REQUEST: Iniciando petición para obtener el listado de TODO's
2022-08-26 06:38:32 [http-nio-8080-exec-1] INFO  com.example.todo.bl.TodoBl - BUSINESS-LOGIC: Iniciando consulta para obtener el listado de todo's
2022-08-26 06:38:33 [http-nio-8080-exec-1] INFO  com.example.todo.bl.TodoBl - BUSINESS-LOGIC: La consulta para obtener el listado de todo's retorno: [TodoEntity{id=1, description='test', createdAt=2022-08-25 12:32:32.0, updatedAt=null, status=1}, TodoEntity{id=2, description='test', createdAt=2022-08-25 12:32:32.0, updatedAt=null, status=1}, TodoEntity{id=3, description='test', createdAt=2022-08-25 12:32:33.0, updatedAt=null, status=1}, TodoEntity{id=4, description='test', createdAt=2022-08-25 12:32:33.0, updatedAt=null, status=1}, TodoEntity{id=5, description='test', createdAt=2022-08-25 12:32:34.0, updatedAt=null, status=1}, TodoEntity{id=6, description='test6', createdAt=2022-08-25 12:37:15.0, updatedAt=null, status=1}]
2022-08-26 06:38:45 [http-nio-8080-exec-2] INFO  com.example.todo.api.TodoController - REQUEST: Iniciando petición para obtener el listado de TODO's
2022-08-26 06:38:45 [http-nio-8080-exec-2] INFO  com.example.todo.bl.TodoBl - BUSINESS-LOGIC: Iniciando consulta para obtener el listado de todo's
2022-08-26 06:38:45 [http-nio-8080-exec-2] INFO  com.example.todo.bl.TodoBl - BUSINESS-LOGIC: La consulta para obtener el listado de todo's retorno: [TodoEntity{id=1, description='test', createdAt=2022-08-25 12:32:32.0, updatedAt=null, status=1}, TodoEntity{id=2, description='test', createdAt=2022-08-25 12:32:32.0, updatedAt=null, status=1}, TodoEntity{id=3, description='test', createdAt=2022-08-25 12:32:33.0, updatedAt=null, status=1}, TodoEntity{id=4, description='test', createdAt=2022-08-25 12:32:33.0, updatedAt=null, status=1}, TodoEntity{id=5, description='test', createdAt=2022-08-25 12:32:34.0, updatedAt=null, status=1}, TodoEntity{id=6, description='test6', createdAt=2022-08-25 12:37:15.0, updatedAt=null, status=1}]
2022-08-26 06:38:48 [http-nio-8080-exec-3] INFO  com.example.todo.api.TodoController - REQUEST: Iniciando petición para obtener el listado de TODO's
2022-08-26 06:38:48 [http-nio-8080-exec-3] INFO  com.example.todo.bl.TodoBl - BUSINESS-LOGIC: Iniciando consulta para obtener el listado de todo's
2022-08-26 06:38:48 [http-nio-8080-exec-3] INFO  com.example.todo.bl.TodoBl - BUSINESS-LOGIC: La consulta para obtener el listado de todo's retorno: [TodoEntity{id=1, description='test', createdAt=2022-08-25 12:32:32.0, updatedAt=null, status=1}, TodoEntity{id=2, description='test', createdAt=2022-08-25 12:32:32.0, updatedAt=null, status=1}, TodoEntity{id=3, description='test', createdAt=2022-08-25 12:32:33.0, updatedAt=null, status=1}, TodoEntity{id=4, description='test', createdAt=2022-08-25 12:32:33.0, updatedAt=null, status=1}, TodoEntity{id=5, description='test', createdAt=2022-08-25 12:32:34.0, updatedAt=null, status=1}, TodoEntity{id=6, description='test6', createdAt=2022-08-25 12:37:15.0, updatedAt=null, status=1}]
2022-08-26 06:38:50 [http-nio-8080-exec-4] INFO  com.example.todo.api.TodoController - REQUEST: Iniciando petición para obtener el listado de TODO's
2022-08-26 06:38:50 [http-nio-8080-exec-4] INFO  com.example.todo.bl.TodoBl - BUSINESS-LOGIC: Iniciando consulta para obtener el listado de todo's
2022-08-26 06:38:50 [http-nio-8080-exec-4] INFO  com.example.todo.bl.TodoBl - BUSINESS-LOGIC: La consulta para obtener el listado de todo's retorno: [TodoEntity{id=1, description='test', createdAt=2022-08-25 12:32:32.0, updatedAt=null, status=1}, TodoEntity{id=2, description='test', createdAt=2022-08-25 12:32:32.0, updatedAt=null, status=1}, TodoEntity{id=3, description='test', createdAt=2022-08-25 12:32:33.0, updatedAt=null, status=1}, TodoEntity{id=4, description='test', createdAt=2022-08-25 12:32:33.0, updatedAt=null, status=1}, TodoEntity{id=5, description='test', createdAt=2022-08-25 12:32:34.0, updatedAt=null, status=1}, TodoEntity{id=6, description='test6', createdAt=2022-08-25 12:37:15.0, updatedAt=null, status=1}]
2022-08-26 06:38:51 [http-nio-8080-exec-5] INFO  com.example.todo.api.TodoController - REQUEST: Iniciando petición para obtener el listado de TODO's
2022-08-26 06:38:51 [http-nio-8080-exec-5] INFO  com.example.todo.bl.TodoBl - BUSINESS-LOGIC: Iniciando consulta para obtener el listado de todo's
2022-08-26 06:38:51 [http-nio-8080-exec-5] INFO  com.example.todo.bl.TodoBl - BUSINESS-LOGIC: La consulta para obtener el listado de todo's retorno: [TodoEntity{id=1, description='test', createdAt=2022-08-25 12:32:32.0, updatedAt=null, status=1}, TodoEntity{id=2, description='test', createdAt=2022-08-25 12:32:32.0, updatedAt=null, status=1}, TodoEntity{id=3, description='test', createdAt=2022-08-25 12:32:33.0, updatedAt=null, status=1}, TodoEntity{id=4, description='test', createdAt=2022-08-25 12:32:33.0, updatedAt=null, status=1}, TodoEntity{id=5, description='test', createdAt=2022-08-25 12:32:34.0, updatedAt=null, status=1}, TodoEntity{id=6, description='test6', createdAt=2022-08-25 12:37:15.0, updatedAt=null, status=1}]
2022-08-26 06:39:02 [http-nio-8080-exec-7] INFO  com.example.todo.api.TodoController - REQUEST: Iniciando petición para guardar un TODO
2022-08-26 06:39:02 [http-nio-8080-exec-7] INFO  com.example.todo.bl.TodoBl - BUSINESS-LOGIC: Iniciando consulta para registrar un todo's
2022-08-26 06:39:03 [http-nio-8080-exec-7] INFO  com.example.todo.bl.TodoBl - BUSINESS-LOGIC: La consulta para registrar un todo's retorno: TodoEntity{id=7, description='test7', createdAt=Fri Aug 26 06:39:02 BOT 2022, updatedAt=null, status=1}
2022-08-26 06:39:23 [http-nio-8080-exec-8] INFO  com.example.todo.api.TodoController - REQUEST: Iniciando petición para obtener el listado de TODO's
2022-08-26 06:39:23 [http-nio-8080-exec-8] INFO  com.example.todo.bl.TodoBl - BUSINESS-LOGIC: Iniciando consulta para obtener el listado de todo's
2022-08-26 06:39:23 [http-nio-8080-exec-8] INFO  com.example.todo.bl.TodoBl - BUSINESS-LOGIC: La consulta para obtener el listado de todo's retorno: [TodoEntity{id=1, description='test', createdAt=2022-08-25 12:32:32.0, updatedAt=null, status=1}, TodoEntity{id=2, description='test', createdAt=2022-08-25 12:32:32.0, updatedAt=null, status=1}, TodoEntity{id=3, description='test', createdAt=2022-08-25 12:32:33.0, updatedAt=null, status=1}, TodoEntity{id=4, description='test', createdAt=2022-08-25 12:32:33.0, updatedAt=null, status=1}, TodoEntity{id=5, description='test', createdAt=2022-08-25 12:32:34.0, updatedAt=null, status=1}, TodoEntity{id=6, description='test6', createdAt=2022-08-25 12:37:15.0, updatedAt=null, status=1}, TodoEntity{id=7, description='test7', createdAt=2022-08-26 06:39:02.0, updatedAt=null, status=1}]
2022-08-26 06:54:04 [http-nio-8080-exec-10] INFO  com.example.todo.api.TodoController - REQUEST: Iniciando petición para obtener el listado de TODO's
2022-08-26 06:54:04 [http-nio-8080-exec-10] INFO  com.example.todo.bl.TodoBl - BUSINESS-LOGIC: Iniciando consulta para obtener el listado de todo's
2022-08-26 06:54:04 [http-nio-8080-exec-10] INFO  com.example.todo.bl.TodoBl - BUSINESS-LOGIC: La consulta para obtener el listado de todo's retorno: [TodoEntity{id=1, description='test', createdAt=2022-08-25 12:32:32.0, updatedAt=null, status=1}, TodoEntity{id=2, description='test', createdAt=2022-08-25 12:32:32.0, updatedAt=null, status=1}, TodoEntity{id=3, description='test', createdAt=2022-08-25 12:32:33.0, updatedAt=null, status=1}, TodoEntity{id=4, description='test', createdAt=2022-08-25 12:32:33.0, updatedAt=null, status=1}, TodoEntity{id=5, description='test', createdAt=2022-08-25 12:32:34.0, updatedAt=null, status=1}, TodoEntity{id=6, description='test6', createdAt=2022-08-25 12:37:15.0, updatedAt=null, status=1}, TodoEntity{id=7, description='test7', createdAt=2022-08-26 06:39:02.0, updatedAt=null, status=1}]
2022-08-26 06:59:29 [http-nio-8080-exec-2] INFO  com.example.todo.api.TodoController - REQUEST: Iniciando petición para obtener el listado de TODO's
2022-08-26 06:59:29 [http-nio-8080-exec-2] INFO  com.example.todo.bl.TodoBl - BUSINESS-LOGIC: Iniciando consulta para obtener el listado de todo's
2022-08-26 06:59:29 [http-nio-8080-exec-2] INFO  com.example.todo.bl.TodoBl - BUSINESS-LOGIC: La consulta para obtener el listado de todo's retorno: [TodoEntity{id=1, description='test', createdAt=2022-08-25 12:32:32.0, updatedAt=null, status=1}, TodoEntity{id=2, description='test', createdAt=2022-08-25 12:32:32.0, updatedAt=null, status=1}, TodoEntity{id=3, description='test', createdAt=2022-08-25 12:32:33.0, updatedAt=null, status=1}, TodoEntity{id=4, description='test', createdAt=2022-08-25 12:32:33.0, updatedAt=null, status=1}, TodoEntity{id=5, description='test', createdAt=2022-08-25 12:32:34.0, updatedAt=null, status=1}, TodoEntity{id=6, description='test6', createdAt=2022-08-25 12:37:15.0, updatedAt=null, status=1}, TodoEntity{id=7, description='test7', createdAt=2022-08-26 06:39:02.0, updatedAt=null, status=1}]
2022-08-26 06:59:31 [http-nio-8080-exec-3] INFO  com.example.todo.api.TodoController - REQUEST: Iniciando petición para obtener el listado de TODO's
2022-08-26 06:59:31 [http-nio-8080-exec-3] INFO  com.example.todo.bl.TodoBl - BUSINESS-LOGIC: Iniciando consulta para obtener el listado de todo's
2022-08-26 06:59:31 [http-nio-8080-exec-3] INFO  com.example.todo.bl.TodoBl - BUSINESS-LOGIC: La consulta para obtener el listado de todo's retorno: [TodoEntity{id=1, description='test', createdAt=2022-08-25 12:32:32.0, updatedAt=null, status=1}, TodoEntity{id=2, description='test', createdAt=2022-08-25 12:32:32.0, updatedAt=null, status=1}, TodoEntity{id=3, description='test', createdAt=2022-08-25 12:32:33.0, updatedAt=null, status=1}, TodoEntity{id=4, description='test', createdAt=2022-08-25 12:32:33.0, updatedAt=null, status=1}, TodoEntity{id=5, description='test', createdAt=2022-08-25 12:32:34.0, updatedAt=null, status=1}, TodoEntity{id=6, description='test6', createdAt=2022-08-25 12:37:15.0, updatedAt=null, status=1}, TodoEntity{id=7, description='test7', createdAt=2022-08-26 06:39:02.0, updatedAt=null, status=1}]
2022-08-26 06:59:42 [http-nio-8080-exec-4] INFO  com.example.todo.api.TodoController - REQUEST: Iniciando petición para obtener el listado de TODO's
2022-08-26 06:59:42 [http-nio-8080-exec-4] INFO  com.example.todo.bl.TodoBl - BUSINESS-LOGIC: Iniciando consulta para obtener el listado de todo's
2022-08-26 06:59:42 [http-nio-8080-exec-4] INFO  com.example.todo.bl.TodoBl - BUSINESS-LOGIC: La consulta para obtener el listado de todo's retorno: [TodoEntity{id=1, description='test', createdAt=2022-08-25 12:32:32.0, updatedAt=null, status=1}, TodoEntity{id=2, description='test', createdAt=2022-08-25 12:32:32.0, updatedAt=null, status=1}, TodoEntity{id=3, description='test', createdAt=2022-08-25 12:32:33.0, updatedAt=null, status=1}, TodoEntity{id=4, description='test', createdAt=2022-08-25 12:32:33.0, updatedAt=null, status=1}, TodoEntity{id=5, description='test', createdAt=2022-08-25 12:32:34.0, updatedAt=null, status=1}, TodoEntity{id=6, description='test6', createdAt=2022-08-25 12:37:15.0, updatedAt=null, status=1}, TodoEntity{id=7, description='test7', createdAt=2022-08-26 06:39:02.0, updatedAt=null, status=1}]
2022-08-26 07:00:37 [http-nio-8080-exec-5] INFO  com.example.todo.api.TodoController - REQUEST: Iniciando petición para guardar un TODO
2022-08-26 07:00:37 [http-nio-8080-exec-5] INFO  com.example.todo.bl.TodoBl - BUSINESS-LOGIC: Iniciando consulta para registrar un todo's
2022-08-26 07:00:37 [http-nio-8080-exec-5] INFO  com.example.todo.bl.TodoBl - BUSINESS-LOGIC: La consulta para registrar un todo's retorno: TodoEntity{id=8, description='test8', createdAt=Fri Aug 26 07:00:37 BOT 2022, updatedAt=null, status=1}
2022-08-26 07:07:09 [HikariPool-1 housekeeper] WARN  com.zaxxer.hikari.pool.HikariPool - HikariPool-1 - Thread starvation or clock leap detected (housekeeper delta=52s54ms837µs60ns).
2022-08-26 07:07:39 [HikariPool-1 housekeeper] WARN  com.zaxxer.hikari.pool.HikariPool - HikariPool-1 - Thread starvation or clock leap detected (housekeeper delta=1m10s421ms977µs983ns).
2022-08-26 07:24:46 [HikariPool-1 housekeeper] WARN  com.zaxxer.hikari.pool.HikariPool - HikariPool-1 - Thread starvation or clock leap detected (housekeeper delta=56s422ms225µs591ns).
2022-08-26 07:28:01 [HikariPool-1 housekeeper] WARN  com.zaxxer.hikari.pool.HikariPool - HikariPool-1 - Thread starvation or clock leap detected (housekeeper delta=3m14s23ms587µs734ns).
2022-08-26 07:29:29 [HikariPool-1 housekeeper] WARN  com.zaxxer.hikari.pool.HikariPool - HikariPool-1 - Thread starvation or clock leap detected (housekeeper delta=1m28s705ms424µs28ns).
2022-08-26 11:23:12 [main] INFO  com.example.todo.TodoApplication - Starting TodoApplication using Java 11.0.16 on bitius-TECRA-Z40-C with PID 9178 (/home/bitius/Escritorio/TODO/BACKEND/backendHomeworkTodo1/target/classes started by bitius in /home/bitius/Escritorio/TODO/BACKEND/backendHomeworkTodo1)
2022-08-26 11:23:12 [main] INFO  com.example.todo.TodoApplication - No active profile set, falling back to 1 default profile: "default"
2022-08-26 11:23:13 [main] INFO  o.s.d.r.c.RepositoryConfigurationDelegate - Bootstrapping Spring Data JPA repositories in DEFAULT mode.
2022-08-26 11:23:13 [main] INFO  o.s.d.r.c.RepositoryConfigurationDelegate - Finished Spring Data repository scanning in 110 ms. Found 1 JPA repository interfaces.
2022-08-26 11:23:14 [main] INFO  o.s.b.w.e.tomcat.TomcatWebServer - Tomcat initialized with port(s): 8080 (http)
2022-08-26 11:23:14 [main] INFO  o.a.catalina.core.StandardService - Starting service [Tomcat]
2022-08-26 11:23:14 [main] INFO  o.a.catalina.core.StandardEngine - Starting Servlet engine: [Apache Tomcat/9.0.65]
2022-08-26 11:23:14 [main] INFO  o.a.c.c.C.[Tomcat].[localhost].[/] - Initializing Spring embedded WebApplicationContext
2022-08-26 11:23:14 [main] INFO  o.s.b.w.s.c.ServletWebServerApplicationContext - Root WebApplicationContext: initialization completed in 1766 ms
2022-08-26 11:23:14 [main] INFO  o.h.jpa.internal.util.LogHelper - HHH000204: Processing PersistenceUnitInfo [name: default]
2022-08-26 11:23:14 [main] INFO  org.hibernate.Version - HHH000412: Hibernate ORM core version 5.6.10.Final
2022-08-26 11:23:15 [main] INFO  o.h.annotations.common.Version - HCANN000001: Hibernate Commons Annotations {5.1.2.Final}
2022-08-26 11:23:15 [main] INFO  com.zaxxer.hikari.HikariDataSource - HikariPool-1 - Starting...
2022-08-26 11:23:16 [main] ERROR com.zaxxer.hikari.pool.HikariPool - HikariPool-1 - Exception during pool initialization.
com.mysql.cj.jdbc.exceptions.CommunicationsException: Communications link failure

The last packet sent successfully to the server was 0 milliseconds ago. The driver has not received any packets from the server.
	at com.mysql.cj.jdbc.exceptions.SQLError.createCommunicationsException(SQLError.java:174)
	at com.mysql.cj.jdbc.exceptions.SQLExceptionsMapping.translateException(SQLExceptionsMapping.java:64)
	at com.mysql.cj.jdbc.ConnectionImpl.createNewIO(ConnectionImpl.java:828)
	at com.mysql.cj.jdbc.ConnectionImpl.<init>(ConnectionImpl.java:448)
	at com.mysql.cj.jdbc.ConnectionImpl.getInstance(ConnectionImpl.java:241)
	at com.mysql.cj.jdbc.NonRegisteringDriver.connect(NonRegisteringDriver.java:198)
	at com.zaxxer.hikari.util.DriverDataSource.getConnection(DriverDataSource.java:138)
	at com.zaxxer.hikari.pool.PoolBase.newConnection(PoolBase.java:364)
	at com.zaxxer.hikari.pool.PoolBase.newPoolEntry(PoolBase.java:206)
	at com.zaxxer.hikari.pool.HikariPool.createPoolEntry(HikariPool.java:476)
	at com.zaxxer.hikari.pool.HikariPool.checkFailFast(HikariPool.java:561)
	at com.zaxxer.hikari.pool.HikariPool.<init>(HikariPool.java:115)
	at com.zaxxer.hikari.HikariDataSource.getConnection(HikariDataSource.java:112)
	at org.hibernate.engine.jdbc.connections.internal.DatasourceConnectionProviderImpl.getConnection(DatasourceConnectionProviderImpl.java:122)
	at org.hibernate.engine.jdbc.env.internal.JdbcEnvironmentInitiator$ConnectionProviderJdbcConnectionAccess.obtainConnection(JdbcEnvironmentInitiator.java:181)
	at org.hibernate.engine.jdbc.env.internal.JdbcEnvironmentInitiator.initiateService(JdbcEnvironmentInitiator.java:68)
	at org.hibernate.engine.jdbc.env.internal.JdbcEnvironmentInitiator.initiateService(JdbcEnvironmentInitiator.java:35)
	at org.hibernate.boot.registry.internal.StandardServiceRegistryImpl.initiateService(StandardServiceRegistryImpl.java:101)
	at org.hibernate.service.internal.AbstractServiceRegistryImpl.createService(AbstractServiceRegistryImpl.java:263)
	at org.hibernate.service.internal.AbstractServiceRegistryImpl.initializeService(AbstractServiceRegistryImpl.java:237)
	at org.hibernate.service.internal.AbstractServiceRegistryImpl.getService(AbstractServiceRegistryImpl.java:214)
	at org.hibernate.id.factory.internal.DefaultIdentifierGeneratorFactory.injectServices(DefaultIdentifierGeneratorFactory.java:175)
	at org.hibernate.service.internal.AbstractServiceRegistryImpl.injectDependencies(AbstractServiceRegistryImpl.java:286)
	at org.hibernate.service.internal.AbstractServiceRegistryImpl.initializeService(AbstractServiceRegistryImpl.java:243)
	at org.hibernate.service.internal.AbstractServiceRegistryImpl.getService(AbstractServiceRegistryImpl.java:214)
	at org.hibernate.boot.internal.InFlightMetadataCollectorImpl.<init>(InFlightMetadataCollectorImpl.java:173)
	at org.hibernate.boot.model.process.spi.MetadataBuildingProcess.complete(MetadataBuildingProcess.java:127)
	at org.hibernate.jpa.boot.internal.EntityManagerFactoryBuilderImpl.metadata(EntityManagerFactoryBuilderImpl.java:1460)
	at org.hibernate.jpa.boot.internal.EntityManagerFactoryBuilderImpl.build(EntityManagerFactoryBuilderImpl.java:1494)
	at org.springframework.orm.jpa.vendor.SpringHibernateJpaPersistenceProvider.createContainerEntityManagerFactory(SpringHibernateJpaPersistenceProvider.java:58)
	at org.springframework.orm.jpa.LocalContainerEntityManagerFactoryBean.createNativeEntityManagerFactory(LocalContainerEntityManagerFactoryBean.java:365)
	at org.springframework.orm.jpa.AbstractEntityManagerFactoryBean.buildNativeEntityManagerFactory(AbstractEntityManagerFactoryBean.java:409)
	at org.springframework.orm.jpa.AbstractEntityManagerFactoryBean.afterPropertiesSet(AbstractEntityManagerFactoryBean.java:396)
	at org.springframework.orm.jpa.LocalContainerEntityManagerFactoryBean.afterPropertiesSet(LocalContainerEntityManagerFactoryBean.java:341)
	at org.springframework.beans.factory.support.AbstractAutowireCapableBeanFactory.invokeInitMethods(AbstractAutowireCapableBeanFactory.java:1863)
	at org.springframework.beans.factory.support.AbstractAutowireCapableBeanFactory.initializeBean(AbstractAutowireCapableBeanFactory.java:1800)
	at org.springframework.beans.factory.support.AbstractAutowireCapableBeanFactory.doCreateBean(AbstractAutowireCapableBeanFactory.java:620)
	at org.springframework.beans.factory.support.AbstractAutowireCapableBeanFactory.createBean(AbstractAutowireCapableBeanFactory.java:542)
	at org.springframework.beans.factory.support.AbstractBeanFactory.lambda$doGetBean$0(AbstractBeanFactory.java:335)
	at org.springframework.beans.factory.support.DefaultSingletonBeanRegistry.getSingleton(DefaultSingletonBeanRegistry.java:234)
	at org.springframework.beans.factory.support.AbstractBeanFactory.doGetBean(AbstractBeanFactory.java:333)
	at org.springframework.beans.factory.support.AbstractBeanFactory.getBean(AbstractBeanFactory.java:208)
	at org.springframework.context.support.AbstractApplicationContext.getBean(AbstractApplicationContext.java:1154)
	at org.springframework.context.support.AbstractApplicationContext.finishBeanFactoryInitialization(AbstractApplicationContext.java:908)
	at org.springframework.context.support.AbstractApplicationContext.refresh(AbstractApplicationContext.java:583)
	at org.springframework.boot.web.servlet.context.ServletWebServerApplicationContext.refresh(ServletWebServerApplicationContext.java:147)
	at org.springframework.boot.SpringApplication.refresh(SpringApplication.java:734)
	at org.springframework.boot.SpringApplication.refreshContext(SpringApplication.java:408)
	at org.springframework.boot.SpringApplication.run(SpringApplication.java:308)
	at org.springframework.boot.SpringApplication.run(SpringApplication.java:1306)
	at org.springframework.boot.SpringApplication.run(SpringApplication.java:1295)
	at com.example.todo.TodoApplication.main(TodoApplication.java:10)
Caused by: com.mysql.cj.exceptions.CJCommunicationsException: Communications link failure

The last packet sent successfully to the server was 0 milliseconds ago. The driver has not received any packets from the server.
	at java.base/jdk.internal.reflect.NativeConstructorAccessorImpl.newInstance0(Native Method)
	at java.base/jdk.internal.reflect.NativeConstructorAccessorImpl.newInstance(NativeConstructorAccessorImpl.java:62)
	at java.base/jdk.internal.reflect.DelegatingConstructorAccessorImpl.newInstance(DelegatingConstructorAccessorImpl.java:45)
	at java.base/java.lang.reflect.Constructor.newInstance(Constructor.java:490)
	at com.mysql.cj.exceptions.ExceptionFactory.createException(ExceptionFactory.java:61)
	at com.mysql.cj.exceptions.ExceptionFactory.createException(ExceptionFactory.java:105)
	at com.mysql.cj.exceptions.ExceptionFactory.createException(ExceptionFactory.java:151)
	at com.mysql.cj.exceptions.ExceptionFactory.createCommunicationsException(ExceptionFactory.java:167)
	at com.mysql.cj.protocol.a.NativeSocketConnection.connect(NativeSocketConnection.java:89)
	at com.mysql.cj.NativeSession.connect(NativeSession.java:120)
	at com.mysql.cj.jdbc.ConnectionImpl.connectOneTryOnly(ConnectionImpl.java:948)
	at com.mysql.cj.jdbc.ConnectionImpl.createNewIO(ConnectionImpl.java:818)
	... 49 common frames omitted
Caused by: java.net.ConnectException: Conexión rehusada (Connection refused)
	at java.base/java.net.PlainSocketImpl.socketConnect(Native Method)
	at java.base/java.net.AbstractPlainSocketImpl.doConnect(AbstractPlainSocketImpl.java:412)
	at java.base/java.net.AbstractPlainSocketImpl.connectToAddress(AbstractPlainSocketImpl.java:255)
	at java.base/java.net.AbstractPlainSocketImpl.connect(AbstractPlainSocketImpl.java:237)
	at java.base/java.net.SocksSocketImpl.connect(SocksSocketImpl.java:392)
	at java.base/java.net.Socket.connect(Socket.java:609)
	at com.mysql.cj.protocol.StandardSocketFactory.connect(StandardSocketFactory.java:153)
	at com.mysql.cj.protocol.a.NativeSocketConnection.connect(NativeSocketConnection.java:63)
	... 52 common frames omitted
2022-08-26 11:23:16 [main] WARN  o.h.e.j.e.i.JdbcEnvironmentInitiator - HHH000342: Could not obtain connection to query metadata
com.mysql.cj.jdbc.exceptions.CommunicationsException: Communications link failure

The last packet sent successfully to the server was 0 milliseconds ago. The driver has not received any packets from the server.
	at com.mysql.cj.jdbc.exceptions.SQLError.createCommunicationsException(SQLError.java:174)
	at com.mysql.cj.jdbc.exceptions.SQLExceptionsMapping.translateException(SQLExceptionsMapping.java:64)
	at com.mysql.cj.jdbc.ConnectionImpl.createNewIO(ConnectionImpl.java:828)
	at com.mysql.cj.jdbc.ConnectionImpl.<init>(ConnectionImpl.java:448)
	at com.mysql.cj.jdbc.ConnectionImpl.getInstance(ConnectionImpl.java:241)
	at com.mysql.cj.jdbc.NonRegisteringDriver.connect(NonRegisteringDriver.java:198)
	at com.zaxxer.hikari.util.DriverDataSource.getConnection(DriverDataSource.java:138)
	at com.zaxxer.hikari.pool.PoolBase.newConnection(PoolBase.java:364)
	at com.zaxxer.hikari.pool.PoolBase.newPoolEntry(PoolBase.java:206)
	at com.zaxxer.hikari.pool.HikariPool.createPoolEntry(HikariPool.java:476)
	at com.zaxxer.hikari.pool.HikariPool.checkFailFast(HikariPool.java:561)
	at com.zaxxer.hikari.pool.HikariPool.<init>(HikariPool.java:115)
	at com.zaxxer.hikari.HikariDataSource.getConnection(HikariDataSource.java:112)
	at org.hibernate.engine.jdbc.connections.internal.DatasourceConnectionProviderImpl.getConnection(DatasourceConnectionProviderImpl.java:122)
	at org.hibernate.engine.jdbc.env.internal.JdbcEnvironmentInitiator$ConnectionProviderJdbcConnectionAccess.obtainConnection(JdbcEnvironmentInitiator.java:181)
	at org.hibernate.engine.jdbc.env.internal.JdbcEnvironmentInitiator.initiateService(JdbcEnvironmentInitiator.java:68)
	at org.hibernate.engine.jdbc.env.internal.JdbcEnvironmentInitiator.initiateService(JdbcEnvironmentInitiator.java:35)
	at org.hibernate.boot.registry.internal.StandardServiceRegistryImpl.initiateService(StandardServiceRegistryImpl.java:101)
	at org.hibernate.service.internal.AbstractServiceRegistryImpl.createService(AbstractServiceRegistryImpl.java:263)
	at org.hibernate.service.internal.AbstractServiceRegistryImpl.initializeService(AbstractServiceRegistryImpl.java:237)
	at org.hibernate.service.internal.AbstractServiceRegistryImpl.getService(AbstractServiceRegistryImpl.java:214)
	at org.hibernate.id.factory.internal.DefaultIdentifierGeneratorFactory.injectServices(DefaultIdentifierGeneratorFactory.java:175)
	at org.hibernate.service.internal.AbstractServiceRegistryImpl.injectDependencies(AbstractServiceRegistryImpl.java:286)
	at org.hibernate.service.internal.AbstractServiceRegistryImpl.initializeService(AbstractServiceRegistryImpl.java:243)
	at org.hibernate.service.internal.AbstractServiceRegistryImpl.getService(AbstractServiceRegistryImpl.java:214)
	at org.hibernate.boot.internal.InFlightMetadataCollectorImpl.<init>(InFlightMetadataCollectorImpl.java:173)
	at org.hibernate.boot.model.process.spi.MetadataBuildingProcess.complete(MetadataBuildingProcess.java:127)
	at org.hibernate.jpa.boot.internal.EntityManagerFactoryBuilderImpl.metadata(EntityManagerFactoryBuilderImpl.java:1460)
	at org.hibernate.jpa.boot.internal.EntityManagerFactoryBuilderImpl.build(EntityManagerFactoryBuilderImpl.java:1494)
	at org.springframework.orm.jpa.vendor.SpringHibernateJpaPersistenceProvider.createContainerEntityManagerFactory(SpringHibernateJpaPersistenceProvider.java:58)
	at org.springframework.orm.jpa.LocalContainerEntityManagerFactoryBean.createNativeEntityManagerFactory(LocalContainerEntityManagerFactoryBean.java:365)
	at org.springframework.orm.jpa.AbstractEntityManagerFactoryBean.buildNativeEntityManagerFactory(AbstractEntityManagerFactoryBean.java:409)
	at org.springframework.orm.jpa.AbstractEntityManagerFactoryBean.afterPropertiesSet(AbstractEntityManagerFactoryBean.java:396)
	at org.springframework.orm.jpa.LocalContainerEntityManagerFactoryBean.afterPropertiesSet(LocalContainerEntityManagerFactoryBean.java:341)
	at org.springframework.beans.factory.support.AbstractAutowireCapableBeanFactory.invokeInitMethods(AbstractAutowireCapableBeanFactory.java:1863)
	at org.springframework.beans.factory.support.AbstractAutowireCapableBeanFactory.initializeBean(AbstractAutowireCapableBeanFactory.java:1800)
	at org.springframework.beans.factory.support.AbstractAutowireCapableBeanFactory.doCreateBean(AbstractAutowireCapableBeanFactory.java:620)
	at org.springframework.beans.factory.support.AbstractAutowireCapableBeanFactory.createBean(AbstractAutowireCapableBeanFactory.java:542)
	at org.springframework.beans.factory.support.AbstractBeanFactory.lambda$doGetBean$0(AbstractBeanFactory.java:335)
	at org.springframework.beans.factory.support.DefaultSingletonBeanRegistry.getSingleton(DefaultSingletonBeanRegistry.java:234)
	at org.springframework.beans.factory.support.AbstractBeanFactory.doGetBean(AbstractBeanFactory.java:333)
	at org.springframework.beans.factory.support.AbstractBeanFactory.getBean(AbstractBeanFactory.java:208)
	at org.springframework.context.support.AbstractApplicationContext.getBean(AbstractApplicationContext.java:1154)
	at org.springframework.context.support.AbstractApplicationContext.finishBeanFactoryInitialization(AbstractApplicationContext.java:908)
	at org.springframework.context.support.AbstractApplicationContext.refresh(AbstractApplicationContext.java:583)
	at org.springframework.boot.web.servlet.context.ServletWebServerApplicationContext.refresh(ServletWebServerApplicationContext.java:147)
	at org.springframework.boot.SpringApplication.refresh(SpringApplication.java:734)
	at org.springframework.boot.SpringApplication.refreshContext(SpringApplication.java:408)
	at org.springframework.boot.SpringApplication.run(SpringApplication.java:308)
	at org.springframework.boot.SpringApplication.run(SpringApplication.java:1306)
	at org.springframework.boot.SpringApplication.run(SpringApplication.java:1295)
	at com.example.todo.TodoApplication.main(TodoApplication.java:10)
Caused by: com.mysql.cj.exceptions.CJCommunicationsException: Communications link failure

The last packet sent successfully to the server was 0 milliseconds ago. The driver has not received any packets from the server.
	at java.base/jdk.internal.reflect.NativeConstructorAccessorImpl.newInstance0(Native Method)
	at java.base/jdk.internal.reflect.NativeConstructorAccessorImpl.newInstance(NativeConstructorAccessorImpl.java:62)
	at java.base/jdk.internal.reflect.DelegatingConstructorAccessorImpl.newInstance(DelegatingConstructorAccessorImpl.java:45)
	at java.base/java.lang.reflect.Constructor.newInstance(Constructor.java:490)
	at com.mysql.cj.exceptions.ExceptionFactory.createException(ExceptionFactory.java:61)
	at com.mysql.cj.exceptions.ExceptionFactory.createException(ExceptionFactory.java:105)
	at com.mysql.cj.exceptions.ExceptionFactory.createException(ExceptionFactory.java:151)
	at com.mysql.cj.exceptions.ExceptionFactory.createCommunicationsException(ExceptionFactory.java:167)
	at com.mysql.cj.protocol.a.NativeSocketConnection.connect(NativeSocketConnection.java:89)
	at com.mysql.cj.NativeSession.connect(NativeSession.java:120)
	at com.mysql.cj.jdbc.ConnectionImpl.connectOneTryOnly(ConnectionImpl.java:948)
	at com.mysql.cj.jdbc.ConnectionImpl.createNewIO(ConnectionImpl.java:818)
	... 49 common frames omitted
Caused by: java.net.ConnectException: Conexión rehusada (Connection refused)
	at java.base/java.net.PlainSocketImpl.socketConnect(Native Method)
	at java.base/java.net.AbstractPlainSocketImpl.doConnect(AbstractPlainSocketImpl.java:412)
	at java.base/java.net.AbstractPlainSocketImpl.connectToAddress(AbstractPlainSocketImpl.java:255)
	at java.base/java.net.AbstractPlainSocketImpl.connect(AbstractPlainSocketImpl.java:237)
	at java.base/java.net.SocksSocketImpl.connect(SocksSocketImpl.java:392)
	at java.base/java.net.Socket.connect(Socket.java:609)
	at com.mysql.cj.protocol.StandardSocketFactory.connect(StandardSocketFactory.java:153)
	at com.mysql.cj.protocol.a.NativeSocketConnection.connect(NativeSocketConnection.java:63)
	... 52 common frames omitted
2022-08-26 11:23:16 [main] INFO  org.hibernate.dialect.Dialect - HHH000400: Using dialect: org.hibernate.dialect.MySQL5InnoDBDialect
2022-08-26 11:23:17 [main] INFO  com.zaxxer.hikari.HikariDataSource - HikariPool-1 - Starting...
2022-08-26 11:23:18 [main] ERROR com.zaxxer.hikari.pool.HikariPool - HikariPool-1 - Exception during pool initialization.
com.mysql.cj.jdbc.exceptions.CommunicationsException: Communications link failure

The last packet sent successfully to the server was 0 milliseconds ago. The driver has not received any packets from the server.
	at com.mysql.cj.jdbc.exceptions.SQLError.createCommunicationsException(SQLError.java:174)
	at com.mysql.cj.jdbc.exceptions.SQLExceptionsMapping.translateException(SQLExceptionsMapping.java:64)
	at com.mysql.cj.jdbc.ConnectionImpl.createNewIO(ConnectionImpl.java:828)
	at com.mysql.cj.jdbc.ConnectionImpl.<init>(ConnectionImpl.java:448)
	at com.mysql.cj.jdbc.ConnectionImpl.getInstance(ConnectionImpl.java:241)
	at com.mysql.cj.jdbc.NonRegisteringDriver.connect(NonRegisteringDriver.java:198)
	at com.zaxxer.hikari.util.DriverDataSource.getConnection(DriverDataSource.java:138)
	at com.zaxxer.hikari.pool.PoolBase.newConnection(PoolBase.java:364)
	at com.zaxxer.hikari.pool.PoolBase.newPoolEntry(PoolBase.java:206)
	at com.zaxxer.hikari.pool.HikariPool.createPoolEntry(HikariPool.java:476)
	at com.zaxxer.hikari.pool.HikariPool.checkFailFast(HikariPool.java:561)
	at com.zaxxer.hikari.pool.HikariPool.<init>(HikariPool.java:115)
	at com.zaxxer.hikari.HikariDataSource.getConnection(HikariDataSource.java:112)
	at org.hibernate.engine.jdbc.connections.internal.DatasourceConnectionProviderImpl.getConnection(DatasourceConnectionProviderImpl.java:122)
	at org.hibernate.engine.jdbc.env.internal.JdbcEnvironmentInitiator$ConnectionProviderJdbcConnectionAccess.obtainConnection(JdbcEnvironmentInitiator.java:181)
	at org.hibernate.resource.transaction.backend.jdbc.internal.DdlTransactionIsolatorNonJtaImpl.getIsolatedConnection(DdlTransactionIsolatorNonJtaImpl.java:44)
	at org.hibernate.tool.schema.internal.exec.ImprovedExtractionContextImpl.getJdbcConnection(ImprovedExtractionContextImpl.java:63)
	at org.hibernate.tool.schema.internal.exec.ImprovedExtractionContextImpl.getJdbcDatabaseMetaData(ImprovedExtractionContextImpl.java:70)
	at org.hibernate.tool.schema.extract.internal.InformationExtractorJdbcDatabaseMetaDataImpl.processTableResultSet(InformationExtractorJdbcDatabaseMetaDataImpl.java:64)
	at org.hibernate.tool.schema.extract.internal.AbstractInformationExtractorImpl.getTables(AbstractInformationExtractorImpl.java:559)
	at org.hibernate.tool.schema.extract.internal.DatabaseInformationImpl.getTablesInformation(DatabaseInformationImpl.java:122)
	at org.hibernate.tool.schema.internal.GroupedSchemaMigratorImpl.performTablesMigration(GroupedSchemaMigratorImpl.java:68)
	at org.hibernate.tool.schema.internal.AbstractSchemaMigrator.performMigration(AbstractSchemaMigrator.java:220)
	at org.hibernate.tool.schema.internal.AbstractSchemaMigrator.doMigration(AbstractSchemaMigrator.java:123)
	at org.hibernate.tool.schema.spi.SchemaManagementToolCoordinator.performDatabaseAction(SchemaManagementToolCoordinator.java:196)
	at org.hibernate.tool.schema.spi.SchemaManagementToolCoordinator.process(SchemaManagementToolCoordinator.java:85)
	at org.hibernate.internal.SessionFactoryImpl.<init>(SessionFactoryImpl.java:335)
	at org.hibernate.boot.internal.SessionFactoryBuilderImpl.build(SessionFactoryBuilderImpl.java:471)
	at org.hibernate.jpa.boot.internal.EntityManagerFactoryBuilderImpl.build(EntityManagerFactoryBuilderImpl.java:1498)
	at org.springframework.orm.jpa.vendor.SpringHibernateJpaPersistenceProvider.createContainerEntityManagerFactory(SpringHibernateJpaPersistenceProvider.java:58)
	at org.springframework.orm.jpa.LocalContainerEntityManagerFactoryBean.createNativeEntityManagerFactory(LocalContainerEntityManagerFactoryBean.java:365)
	at org.springframework.orm.jpa.AbstractEntityManagerFactoryBean.buildNativeEntityManagerFactory(AbstractEntityManagerFactoryBean.java:409)
	at org.springframework.orm.jpa.AbstractEntityManagerFactoryBean.afterPropertiesSet(AbstractEntityManagerFactoryBean.java:396)
	at org.springframework.orm.jpa.LocalContainerEntityManagerFactoryBean.afterPropertiesSet(LocalContainerEntityManagerFactoryBean.java:341)
	at org.springframework.beans.factory.support.AbstractAutowireCapableBeanFactory.invokeInitMethods(AbstractAutowireCapableBeanFactory.java:1863)
	at org.springframework.beans.factory.support.AbstractAutowireCapableBeanFactory.initializeBean(AbstractAutowireCapableBeanFactory.java:1800)
	at org.springframework.beans.factory.support.AbstractAutowireCapableBeanFactory.doCreateBean(AbstractAutowireCapableBeanFactory.java:620)
	at org.springframework.beans.factory.support.AbstractAutowireCapableBeanFactory.createBean(AbstractAutowireCapableBeanFactory.java:542)
	at org.springframework.beans.factory.support.AbstractBeanFactory.lambda$doGetBean$0(AbstractBeanFactory.java:335)
	at org.springframework.beans.factory.support.DefaultSingletonBeanRegistry.getSingleton(DefaultSingletonBeanRegistry.java:234)
	at org.springframework.beans.factory.support.AbstractBeanFactory.doGetBean(AbstractBeanFactory.java:333)
	at org.springframework.beans.factory.support.AbstractBeanFactory.getBean(AbstractBeanFactory.java:208)
	at org.springframework.context.support.AbstractApplicationContext.getBean(AbstractApplicationContext.java:1154)
	at org.springframework.context.support.AbstractApplicationContext.finishBeanFactoryInitialization(AbstractApplicationContext.java:908)
	at org.springframework.context.support.AbstractApplicationContext.refresh(AbstractApplicationContext.java:583)
	at org.springframework.boot.web.servlet.context.ServletWebServerApplicationContext.refresh(ServletWebServerApplicationContext.java:147)
	at org.springframework.boot.SpringApplication.refresh(SpringApplication.java:734)
	at org.springframework.boot.SpringApplication.refreshContext(SpringApplication.java:408)
	at org.springframework.boot.SpringApplication.run(SpringApplication.java:308)
	at org.springframework.boot.SpringApplication.run(SpringApplication.java:1306)
	at org.springframework.boot.SpringApplication.run(SpringApplication.java:1295)
	at com.example.todo.TodoApplication.main(TodoApplication.java:10)
Caused by: com.mysql.cj.exceptions.CJCommunicationsException: Communications link failure

The last packet sent successfully to the server was 0 milliseconds ago. The driver has not received any packets from the server.
	at java.base/jdk.internal.reflect.NativeConstructorAccessorImpl.newInstance0(Native Method)
	at java.base/jdk.internal.reflect.NativeConstructorAccessorImpl.newInstance(NativeConstructorAccessorImpl.java:62)
	at java.base/jdk.internal.reflect.DelegatingConstructorAccessorImpl.newInstance(DelegatingConstructorAccessorImpl.java:45)
	at java.base/java.lang.reflect.Constructor.newInstance(Constructor.java:490)
	at com.mysql.cj.exceptions.ExceptionFactory.createException(ExceptionFactory.java:61)
	at com.mysql.cj.exceptions.ExceptionFactory.createException(ExceptionFactory.java:105)
	at com.mysql.cj.exceptions.ExceptionFactory.createException(ExceptionFactory.java:151)
	at com.mysql.cj.exceptions.ExceptionFactory.createCommunicationsException(ExceptionFactory.java:167)
	at com.mysql.cj.protocol.a.NativeSocketConnection.connect(NativeSocketConnection.java:89)
	at com.mysql.cj.NativeSession.connect(NativeSession.java:120)
	at com.mysql.cj.jdbc.ConnectionImpl.connectOneTryOnly(ConnectionImpl.java:948)
	at com.mysql.cj.jdbc.ConnectionImpl.createNewIO(ConnectionImpl.java:818)
	... 49 common frames omitted
Caused by: java.net.ConnectException: Conexión rehusada (Connection refused)
	at java.base/java.net.PlainSocketImpl.socketConnect(Native Method)
	at java.base/java.net.AbstractPlainSocketImpl.doConnect(AbstractPlainSocketImpl.java:412)
	at java.base/java.net.AbstractPlainSocketImpl.connectToAddress(AbstractPlainSocketImpl.java:255)
	at java.base/java.net.AbstractPlainSocketImpl.connect(AbstractPlainSocketImpl.java:237)
	at java.base/java.net.SocksSocketImpl.connect(SocksSocketImpl.java:392)
	at java.base/java.net.Socket.connect(Socket.java:609)
	at com.mysql.cj.protocol.StandardSocketFactory.connect(StandardSocketFactory.java:153)
	at com.mysql.cj.protocol.a.NativeSocketConnection.connect(NativeSocketConnection.java:63)
	... 52 common frames omitted
2022-08-26 11:23:18 [main] WARN  o.h.e.jdbc.spi.SqlExceptionHelper - SQL Error: 0, SQLState: 08S01
2022-08-26 11:23:18 [main] ERROR o.h.e.jdbc.spi.SqlExceptionHelper - Communications link failure

The last packet sent successfully to the server was 0 milliseconds ago. The driver has not received any packets from the server.
2022-08-26 11:23:18 [main] ERROR o.s.o.j.LocalContainerEntityManagerFactoryBean - Failed to initialize JPA EntityManagerFactory: [PersistenceUnit: default] Unable to build Hibernate SessionFactory; nested exception is org.hibernate.exception.JDBCConnectionException: Unable to open JDBC Connection for DDL execution
2022-08-26 11:23:18 [main] WARN  o.s.b.w.s.c.AnnotationConfigServletWebServerApplicationContext - Exception encountered during context initialization - cancelling refresh attempt: org.springframework.beans.factory.BeanCreationException: Error creating bean with name 'entityManagerFactory' defined in class path resource [org/springframework/boot/autoconfigure/orm/jpa/HibernateJpaConfiguration.class]: Invocation of init method failed; nested exception is javax.persistence.PersistenceException: [PersistenceUnit: default] Unable to build Hibernate SessionFactory; nested exception is org.hibernate.exception.JDBCConnectionException: Unable to open JDBC Connection for DDL execution
2022-08-26 11:23:18 [main] INFO  o.a.catalina.core.StandardService - Stopping service [Tomcat]
2022-08-26 11:23:18 [main] INFO  o.s.b.a.l.ConditionEvaluationReportLoggingListener - 

Error starting ApplicationContext. To display the conditions report re-run your application with 'debug' enabled.
2022-08-26 11:23:18 [main] ERROR o.s.boot.SpringApplication - Application run failed
org.springframework.beans.factory.BeanCreationException: Error creating bean with name 'entityManagerFactory' defined in class path resource [org/springframework/boot/autoconfigure/orm/jpa/HibernateJpaConfiguration.class]: Invocation of init method failed; nested exception is javax.persistence.PersistenceException: [PersistenceUnit: default] Unable to build Hibernate SessionFactory; nested exception is org.hibernate.exception.JDBCConnectionException: Unable to open JDBC Connection for DDL execution
	at org.springframework.beans.factory.support.AbstractAutowireCapableBeanFactory.initializeBean(AbstractAutowireCapableBeanFactory.java:1804)
	at org.springframework.beans.factory.support.AbstractAutowireCapableBeanFactory.doCreateBean(AbstractAutowireCapableBeanFactory.java:620)
	at org.springframework.beans.factory.support.AbstractAutowireCapableBeanFactory.createBean(AbstractAutowireCapableBeanFactory.java:542)
	at org.springframework.beans.factory.support.AbstractBeanFactory.lambda$doGetBean$0(AbstractBeanFactory.java:335)
	at org.springframework.beans.factory.support.DefaultSingletonBeanRegistry.getSingleton(DefaultSingletonBeanRegistry.java:234)
	at org.springframework.beans.factory.support.AbstractBeanFactory.doGetBean(AbstractBeanFactory.java:333)
	at org.springframework.beans.factory.support.AbstractBeanFactory.getBean(AbstractBeanFactory.java:208)
	at org.springframework.context.support.AbstractApplicationContext.getBean(AbstractApplicationContext.java:1154)
	at org.springframework.context.support.AbstractApplicationContext.finishBeanFactoryInitialization(AbstractApplicationContext.java:908)
	at org.springframework.context.support.AbstractApplicationContext.refresh(AbstractApplicationContext.java:583)
	at org.springframework.boot.web.servlet.context.ServletWebServerApplicationContext.refresh(ServletWebServerApplicationContext.java:147)
	at org.springframework.boot.SpringApplication.refresh(SpringApplication.java:734)
	at org.springframework.boot.SpringApplication.refreshContext(SpringApplication.java:408)
	at org.springframework.boot.SpringApplication.run(SpringApplication.java:308)
	at org.springframework.boot.SpringApplication.run(SpringApplication.java:1306)
	at org.springframework.boot.SpringApplication.run(SpringApplication.java:1295)
	at com.example.todo.TodoApplication.main(TodoApplication.java:10)
Caused by: javax.persistence.PersistenceException: [PersistenceUnit: default] Unable to build Hibernate SessionFactory; nested exception is org.hibernate.exception.JDBCConnectionException: Unable to open JDBC Connection for DDL execution
	at org.springframework.orm.jpa.AbstractEntityManagerFactoryBean.buildNativeEntityManagerFactory(AbstractEntityManagerFactoryBean.java:421)
	at org.springframework.orm.jpa.AbstractEntityManagerFactoryBean.afterPropertiesSet(AbstractEntityManagerFactoryBean.java:396)
	at org.springframework.orm.jpa.LocalContainerEntityManagerFactoryBean.afterPropertiesSet(LocalContainerEntityManagerFactoryBean.java:341)
	at org.springframework.beans.factory.support.AbstractAutowireCapableBeanFactory.invokeInitMethods(AbstractAutowireCapableBeanFactory.java:1863)
	at org.springframework.beans.factory.support.AbstractAutowireCapableBeanFactory.initializeBean(AbstractAutowireCapableBeanFactory.java:1800)
	... 16 common frames omitted
Caused by: org.hibernate.exception.JDBCConnectionException: Unable to open JDBC Connection for DDL execution
	at org.hibernate.exception.internal.SQLStateConversionDelegate.convert(SQLStateConversionDelegate.java:112)
	at org.hibernate.exception.internal.StandardSQLExceptionConverter.convert(StandardSQLExceptionConverter.java:37)
	at org.hibernate.engine.jdbc.spi.SqlExceptionHelper.convert(SqlExceptionHelper.java:113)
	at org.hibernate.engine.jdbc.spi.SqlExceptionHelper.convert(SqlExceptionHelper.java:99)
	at org.hibernate.resource.transaction.backend.jdbc.internal.DdlTransactionIsolatorNonJtaImpl.getIsolatedConnection(DdlTransactionIsolatorNonJtaImpl.java:71)
	at org.hibernate.tool.schema.internal.exec.ImprovedExtractionContextImpl.getJdbcConnection(ImprovedExtractionContextImpl.java:63)
	at org.hibernate.tool.schema.internal.exec.ImprovedExtractionContextImpl.getJdbcDatabaseMetaData(ImprovedExtractionContextImpl.java:70)
	at org.hibernate.tool.schema.extract.internal.InformationExtractorJdbcDatabaseMetaDataImpl.processTableResultSet(InformationExtractorJdbcDatabaseMetaDataImpl.java:64)
	at org.hibernate.tool.schema.extract.internal.AbstractInformationExtractorImpl.getTables(AbstractInformationExtractorImpl.java:559)
	at org.hibernate.tool.schema.extract.internal.DatabaseInformationImpl.getTablesInformation(DatabaseInformationImpl.java:122)
	at org.hibernate.tool.schema.internal.GroupedSchemaMigratorImpl.performTablesMigration(GroupedSchemaMigratorImpl.java:68)
	at org.hibernate.tool.schema.internal.AbstractSchemaMigrator.performMigration(AbstractSchemaMigrator.java:220)
	at org.hibernate.tool.schema.internal.AbstractSchemaMigrator.doMigration(AbstractSchemaMigrator.java:123)
	at org.hibernate.tool.schema.spi.SchemaManagementToolCoordinator.performDatabaseAction(SchemaManagementToolCoordinator.java:196)
	at org.hibernate.tool.schema.spi.SchemaManagementToolCoordinator.process(SchemaManagementToolCoordinator.java:85)
	at org.hibernate.internal.SessionFactoryImpl.<init>(SessionFactoryImpl.java:335)
	at org.hibernate.boot.internal.SessionFactoryBuilderImpl.build(SessionFactoryBuilderImpl.java:471)
	at org.hibernate.jpa.boot.internal.EntityManagerFactoryBuilderImpl.build(EntityManagerFactoryBuilderImpl.java:1498)
	at org.springframework.orm.jpa.vendor.SpringHibernateJpaPersistenceProvider.createContainerEntityManagerFactory(SpringHibernateJpaPersistenceProvider.java:58)
	at org.springframework.orm.jpa.LocalContainerEntityManagerFactoryBean.createNativeEntityManagerFactory(LocalContainerEntityManagerFactoryBean.java:365)
	at org.springframework.orm.jpa.AbstractEntityManagerFactoryBean.buildNativeEntityManagerFactory(AbstractEntityManagerFactoryBean.java:409)
	... 20 common frames omitted
Caused by: com.mysql.cj.jdbc.exceptions.CommunicationsException: Communications link failure

The last packet sent successfully to the server was 0 milliseconds ago. The driver has not received any packets from the server.
	at com.mysql.cj.jdbc.exceptions.SQLError.createCommunicationsException(SQLError.java:174)
	at com.mysql.cj.jdbc.exceptions.SQLExceptionsMapping.translateException(SQLExceptionsMapping.java:64)
	at com.mysql.cj.jdbc.ConnectionImpl.createNewIO(ConnectionImpl.java:828)
	at com.mysql.cj.jdbc.ConnectionImpl.<init>(ConnectionImpl.java:448)
	at com.mysql.cj.jdbc.ConnectionImpl.getInstance(ConnectionImpl.java:241)
	at com.mysql.cj.jdbc.NonRegisteringDriver.connect(NonRegisteringDriver.java:198)
	at com.zaxxer.hikari.util.DriverDataSource.getConnection(DriverDataSource.java:138)
	at com.zaxxer.hikari.pool.PoolBase.newConnection(PoolBase.java:364)
	at com.zaxxer.hikari.pool.PoolBase.newPoolEntry(PoolBase.java:206)
	at com.zaxxer.hikari.pool.HikariPool.createPoolEntry(HikariPool.java:476)
	at com.zaxxer.hikari.pool.HikariPool.checkFailFast(HikariPool.java:561)
	at com.zaxxer.hikari.pool.HikariPool.<init>(HikariPool.java:115)
	at com.zaxxer.hikari.HikariDataSource.getConnection(HikariDataSource.java:112)
	at org.hibernate.engine.jdbc.connections.internal.DatasourceConnectionProviderImpl.getConnection(DatasourceConnectionProviderImpl.java:122)
	at org.hibernate.engine.jdbc.env.internal.JdbcEnvironmentInitiator$ConnectionProviderJdbcConnectionAccess.obtainConnection(JdbcEnvironmentInitiator.java:181)
	at org.hibernate.resource.transaction.backend.jdbc.internal.DdlTransactionIsolatorNonJtaImpl.getIsolatedConnection(DdlTransactionIsolatorNonJtaImpl.java:44)
	... 36 common frames omitted
Caused by: com.mysql.cj.exceptions.CJCommunicationsException: Communications link failure

The last packet sent successfully to the server was 0 milliseconds ago. The driver has not received any packets from the server.
	at java.base/jdk.internal.reflect.NativeConstructorAccessorImpl.newInstance0(Native Method)
	at java.base/jdk.internal.reflect.NativeConstructorAccessorImpl.newInstance(NativeConstructorAccessorImpl.java:62)
	at java.base/jdk.internal.reflect.DelegatingConstructorAccessorImpl.newInstance(DelegatingConstructorAccessorImpl.java:45)
	at java.base/java.lang.reflect.Constructor.newInstance(Constructor.java:490)
	at com.mysql.cj.exceptions.ExceptionFactory.createException(ExceptionFactory.java:61)
	at com.mysql.cj.exceptions.ExceptionFactory.createException(ExceptionFactory.java:105)
	at com.mysql.cj.exceptions.ExceptionFactory.createException(ExceptionFactory.java:151)
	at com.mysql.cj.exceptions.ExceptionFactory.createCommunicationsException(ExceptionFactory.java:167)
	at com.mysql.cj.protocol.a.NativeSocketConnection.connect(NativeSocketConnection.java:89)
	at com.mysql.cj.NativeSession.connect(NativeSession.java:120)
	at com.mysql.cj.jdbc.ConnectionImpl.connectOneTryOnly(ConnectionImpl.java:948)
	at com.mysql.cj.jdbc.ConnectionImpl.createNewIO(ConnectionImpl.java:818)
	... 49 common frames omitted
Caused by: java.net.ConnectException: Conexión rehusada (Connection refused)
	at java.base/java.net.PlainSocketImpl.socketConnect(Native Method)
	at java.base/java.net.AbstractPlainSocketImpl.doConnect(AbstractPlainSocketImpl.java:412)
	at java.base/java.net.AbstractPlainSocketImpl.connectToAddress(AbstractPlainSocketImpl.java:255)
	at java.base/java.net.AbstractPlainSocketImpl.connect(AbstractPlainSocketImpl.java:237)
	at java.base/java.net.SocksSocketImpl.connect(SocksSocketImpl.java:392)
	at java.base/java.net.Socket.connect(Socket.java:609)
	at com.mysql.cj.protocol.StandardSocketFactory.connect(StandardSocketFactory.java:153)
	at com.mysql.cj.protocol.a.NativeSocketConnection.connect(NativeSocketConnection.java:63)
	... 52 common frames omitted
2022-08-26 11:23:45 [main] INFO  com.example.todo.TodoApplication - Starting TodoApplication using Java 11.0.16 on bitius-TECRA-Z40-C with PID 10023 (/home/bitius/Escritorio/TODO/BACKEND/backendHomeworkTodo1/target/classes started by bitius in /home/bitius/Escritorio/TODO/BACKEND/backendHomeworkTodo1)
2022-08-26 11:23:45 [main] INFO  com.example.todo.TodoApplication - No active profile set, falling back to 1 default profile: "default"
2022-08-26 11:23:45 [main] INFO  o.s.d.r.c.RepositoryConfigurationDelegate - Bootstrapping Spring Data JPA repositories in DEFAULT mode.
2022-08-26 11:23:45 [main] INFO  o.s.d.r.c.RepositoryConfigurationDelegate - Finished Spring Data repository scanning in 60 ms. Found 1 JPA repository interfaces.
2022-08-26 11:23:46 [main] INFO  o.s.b.w.e.tomcat.TomcatWebServer - Tomcat initialized with port(s): 8080 (http)
2022-08-26 11:23:46 [main] INFO  o.a.catalina.core.StandardService - Starting service [Tomcat]
2022-08-26 11:23:46 [main] INFO  o.a.catalina.core.StandardEngine - Starting Servlet engine: [Apache Tomcat/9.0.65]
2022-08-26 11:23:46 [main] INFO  o.a.c.c.C.[Tomcat].[localhost].[/] - Initializing Spring embedded WebApplicationContext
2022-08-26 11:23:46 [main] INFO  o.s.b.w.s.c.ServletWebServerApplicationContext - Root WebApplicationContext: initialization completed in 1385 ms
2022-08-26 11:23:46 [main] INFO  o.h.jpa.internal.util.LogHelper - HHH000204: Processing PersistenceUnitInfo [name: default]
2022-08-26 11:23:46 [main] INFO  org.hibernate.Version - HHH000412: Hibernate ORM core version 5.6.10.Final
2022-08-26 11:23:47 [main] INFO  o.h.annotations.common.Version - HCANN000001: Hibernate Commons Annotations {5.1.2.Final}
2022-08-26 11:23:47 [main] INFO  com.zaxxer.hikari.HikariDataSource - HikariPool-1 - Starting...
2022-08-26 11:23:47 [main] INFO  com.zaxxer.hikari.HikariDataSource - HikariPool-1 - Start completed.
2022-08-26 11:23:47 [main] INFO  org.hibernate.dialect.Dialect - HHH000400: Using dialect: org.hibernate.dialect.MySQL5InnoDBDialect
2022-08-26 11:23:47 [main] INFO  o.h.e.t.j.p.i.JtaPlatformInitiator - HHH000490: Using JtaPlatform implementation: [org.hibernate.engine.transaction.jta.platform.internal.NoJtaPlatform]
2022-08-26 11:23:47 [main] INFO  o.s.o.j.LocalContainerEntityManagerFactoryBean - Initialized JPA EntityManagerFactory for persistence unit 'default'
2022-08-26 11:23:48 [main] WARN  o.s.b.a.o.j.JpaBaseConfiguration$JpaWebConfiguration - spring.jpa.open-in-view is enabled by default. Therefore, database queries may be performed during view rendering. Explicitly configure spring.jpa.open-in-view to disable this warning
2022-08-26 11:23:49 [main] INFO  o.s.b.w.e.tomcat.TomcatWebServer - Tomcat started on port(s): 8080 (http) with context path ''
2022-08-26 11:23:49 [main] INFO  com.example.todo.TodoApplication - Started TodoApplication in 4.549 seconds (JVM running for 4.907)
2022-08-26 11:36:58 [http-nio-8080-exec-1] INFO  o.a.c.c.C.[Tomcat].[localhost].[/] - Initializing Spring DispatcherServlet 'dispatcherServlet'
2022-08-26 11:36:58 [http-nio-8080-exec-1] INFO  o.s.web.servlet.DispatcherServlet - Initializing Servlet 'dispatcherServlet'
2022-08-26 11:36:58 [http-nio-8080-exec-1] INFO  o.s.web.servlet.DispatcherServlet - Completed initialization in 2 ms
2022-08-26 11:39:29 [http-nio-8080-exec-7] INFO  com.example.todo.api.TodoController - REQUEST: Iniciando petición para obtener el listado de TODO's
2022-08-26 11:39:29 [http-nio-8080-exec-7] INFO  com.example.todo.bl.TodoBl - BUSINESS-LOGIC: Iniciando consulta para obtener el listado de todo's
2022-08-26 11:39:29 [http-nio-8080-exec-7] INFO  com.example.todo.bl.TodoBl - BUSINESS-LOGIC: La consulta para obtener el listado de todo's retorno: [TodoEntity{id=1, description='test', createdAt=2022-08-25 12:32:32.0, updatedAt=null, status=1}, TodoEntity{id=2, description='test', createdAt=2022-08-25 12:32:32.0, updatedAt=null, status=1}, TodoEntity{id=3, description='test', createdAt=2022-08-25 12:32:33.0, updatedAt=null, status=1}, TodoEntity{id=4, description='test', createdAt=2022-08-25 12:32:33.0, updatedAt=null, status=1}, TodoEntity{id=5, description='test', createdAt=2022-08-25 12:32:34.0, updatedAt=null, status=1}, TodoEntity{id=6, description='test6', createdAt=2022-08-25 12:37:15.0, updatedAt=null, status=1}, TodoEntity{id=7, description='test7', createdAt=2022-08-26 06:39:02.0, updatedAt=null, status=1}, TodoEntity{id=8, description='test8', createdAt=2022-08-26 07:00:37.0, updatedAt=null, status=1}]
2022-08-26 11:48:51 [SpringApplicationShutdownHook] INFO  o.s.o.j.LocalContainerEntityManagerFactoryBean - Closing JPA EntityManagerFactory for persistence unit 'default'
2022-08-26 11:48:51 [SpringApplicationShutdownHook] INFO  com.zaxxer.hikari.HikariDataSource - HikariPool-1 - Shutdown initiated...
2022-08-26 11:48:51 [SpringApplicationShutdownHook] INFO  com.zaxxer.hikari.HikariDataSource - HikariPool-1 - Shutdown completed.
2022-08-26 11:48:58 [main] INFO  com.example.todo.TodoApplication - Starting TodoApplication using Java 11.0.16 on bitius-TECRA-Z40-C with PID 19242 (/home/bitius/Escritorio/TODO/BACKEND/backendHomeworkTodo1/target/classes started by bitius in /home/bitius/Escritorio/TODO/BACKEND/backendHomeworkTodo1)
2022-08-26 11:48:58 [main] INFO  com.example.todo.TodoApplication - No active profile set, falling back to 1 default profile: "default"
2022-08-26 11:48:58 [main] INFO  o.s.d.r.c.RepositoryConfigurationDelegate - Bootstrapping Spring Data JPA repositories in DEFAULT mode.
2022-08-26 11:48:58 [main] INFO  o.s.d.r.c.RepositoryConfigurationDelegate - Finished Spring Data repository scanning in 55 ms. Found 1 JPA repository interfaces.
2022-08-26 11:48:59 [main] INFO  o.s.b.w.e.tomcat.TomcatWebServer - Tomcat initialized with port(s): 8080 (http)
2022-08-26 11:48:59 [main] INFO  o.a.catalina.core.StandardService - Starting service [Tomcat]
2022-08-26 11:48:59 [main] INFO  o.a.catalina.core.StandardEngine - Starting Servlet engine: [Apache Tomcat/9.0.65]
2022-08-26 11:48:59 [main] INFO  o.a.c.c.C.[Tomcat].[localhost].[/] - Initializing Spring embedded WebApplicationContext
2022-08-26 11:48:59 [main] INFO  o.s.b.w.s.c.ServletWebServerApplicationContext - Root WebApplicationContext: initialization completed in 1516 ms
2022-08-26 11:48:59 [main] INFO  o.h.jpa.internal.util.LogHelper - HHH000204: Processing PersistenceUnitInfo [name: default]
2022-08-26 11:49:00 [main] INFO  org.hibernate.Version - HHH000412: Hibernate ORM core version 5.6.10.Final
2022-08-26 11:49:00 [main] INFO  o.h.annotations.common.Version - HCANN000001: Hibernate Commons Annotations {5.1.2.Final}
2022-08-26 11:49:00 [main] INFO  com.zaxxer.hikari.HikariDataSource - HikariPool-1 - Starting...
2022-08-26 11:49:00 [main] INFO  com.zaxxer.hikari.HikariDataSource - HikariPool-1 - Start completed.
2022-08-26 11:49:00 [main] INFO  org.hibernate.dialect.Dialect - HHH000400: Using dialect: org.hibernate.dialect.MySQL5InnoDBDialect
2022-08-26 11:49:00 [main] INFO  o.h.e.t.j.p.i.JtaPlatformInitiator - HHH000490: Using JtaPlatform implementation: [org.hibernate.engine.transaction.jta.platform.internal.NoJtaPlatform]
2022-08-26 11:49:00 [main] INFO  o.s.o.j.LocalContainerEntityManagerFactoryBean - Initialized JPA EntityManagerFactory for persistence unit 'default'
2022-08-26 11:49:01 [main] WARN  o.s.b.a.o.j.JpaBaseConfiguration$JpaWebConfiguration - spring.jpa.open-in-view is enabled by default. Therefore, database queries may be performed during view rendering. Explicitly configure spring.jpa.open-in-view to disable this warning
2022-08-26 11:49:02 [main] INFO  o.s.b.w.e.tomcat.TomcatWebServer - Tomcat started on port(s): 8080 (http) with context path ''
2022-08-26 11:49:02 [main] INFO  com.example.todo.TodoApplication - Started TodoApplication in 4.667 seconds (JVM running for 5.047)
2022-08-26 11:49:04 [http-nio-8080-exec-1] INFO  o.a.c.c.C.[Tomcat].[localhost].[/] - Initializing Spring DispatcherServlet 'dispatcherServlet'
2022-08-26 11:49:04 [http-nio-8080-exec-1] INFO  o.s.web.servlet.DispatcherServlet - Initializing Servlet 'dispatcherServlet'
2022-08-26 11:49:04 [http-nio-8080-exec-1] INFO  o.s.web.servlet.DispatcherServlet - Completed initialization in 4 ms
2022-08-26 11:49:05 [http-nio-8080-exec-1] INFO  com.example.todo.api.TodoController - REQUEST: Iniciando petición para obtener el listado de TODO's
2022-08-26 11:49:05 [http-nio-8080-exec-1] INFO  com.example.todo.bl.TodoBl - BUSINESS-LOGIC: Iniciando consulta para obtener el listado de todo's
2022-08-26 11:49:05 [http-nio-8080-exec-1] INFO  com.example.todo.bl.TodoBl - BUSINESS-LOGIC: La consulta para obtener el listado de todo's retorno: [TodoEntity{id=1, description='test', createdAt=2022-08-25 12:32:32.0, updatedAt=null, status=1}, TodoEntity{id=2, description='test', createdAt=2022-08-25 12:32:32.0, updatedAt=null, status=1}, TodoEntity{id=3, description='test', createdAt=2022-08-25 12:32:33.0, updatedAt=null, status=1}, TodoEntity{id=4, description='test', createdAt=2022-08-25 12:32:33.0, updatedAt=null, status=1}, TodoEntity{id=5, description='test', createdAt=2022-08-25 12:32:34.0, updatedAt=null, status=1}, TodoEntity{id=6, description='test6', createdAt=2022-08-25 12:37:15.0, updatedAt=null, status=1}, TodoEntity{id=7, description='test7', createdAt=2022-08-26 06:39:02.0, updatedAt=null, status=1}, TodoEntity{id=8, description='test8', createdAt=2022-08-26 07:00:37.0, updatedAt=null, status=1}]
2022-08-26 12:57:12 [SpringApplicationShutdownHook] INFO  o.s.o.j.LocalContainerEntityManagerFactoryBean - Closing JPA EntityManagerFactory for persistence unit 'default'
2022-08-26 12:57:12 [SpringApplicationShutdownHook] INFO  com.zaxxer.hikari.HikariDataSource - HikariPool-1 - Shutdown initiated...
2022-08-26 12:57:12 [SpringApplicationShutdownHook] INFO  com.zaxxer.hikari.HikariDataSource - HikariPool-1 - Shutdown completed.
