2022-08-29 18:55:04 [main] INFO  com.example.todo.TodoApplication - Starting TodoApplication using Java 11.0.16 on bitius-TECRA-Z40-C with PID 81460 (/home/bitius/Escritorio/TODO/BACKEND/backendHomeworkTodo1/target/classes started by bitius in /home/bitius/Escritorio/TODO/BACKEND/backendHomeworkTodo1)
2022-08-29 18:55:04 [main] INFO  com.example.todo.TodoApplication - No active profile set, falling back to 1 default profile: "default"
2022-08-29 18:55:05 [main] INFO  o.s.d.r.c.RepositoryConfigurationDelegate - Bootstrapping Spring Data JPA repositories in DEFAULT mode.
2022-08-29 18:55:05 [main] INFO  o.s.d.r.c.RepositoryConfigurationDelegate - Finished Spring Data repository scanning in 64 ms. Found 1 JPA repository interfaces.
2022-08-29 18:55:06 [main] INFO  o.s.b.w.e.tomcat.TomcatWebServer - Tomcat initialized with port(s): 8080 (http)
2022-08-29 18:55:06 [main] INFO  o.a.catalina.core.StandardService - Starting service [Tomcat]
2022-08-29 18:55:06 [main] INFO  o.a.catalina.core.StandardEngine - Starting Servlet engine: [Apache Tomcat/9.0.65]
2022-08-29 18:55:06 [main] INFO  o.a.c.c.C.[Tomcat].[localhost].[/] - Initializing Spring embedded WebApplicationContext
2022-08-29 18:55:06 [main] INFO  o.s.b.w.s.c.ServletWebServerApplicationContext - Root WebApplicationContext: initialization completed in 1752 ms
2022-08-29 18:55:07 [main] INFO  o.h.jpa.internal.util.LogHelper - HHH000204: Processing PersistenceUnitInfo [name: default]
2022-08-29 18:55:07 [main] INFO  org.hibernate.Version - HHH000412: Hibernate ORM core version 5.6.10.Final
2022-08-29 18:55:07 [main] INFO  o.h.annotations.common.Version - HCANN000001: Hibernate Commons Annotations {5.1.2.Final}
2022-08-29 18:55:07 [main] INFO  com.zaxxer.hikari.HikariDataSource - HikariPool-1 - Starting...
2022-08-29 18:55:07 [main] INFO  com.zaxxer.hikari.HikariDataSource - HikariPool-1 - Start completed.
2022-08-29 18:55:07 [main] INFO  org.hibernate.dialect.Dialect - HHH000400: Using dialect: org.hibernate.dialect.MySQL5InnoDBDialect
2022-08-29 18:55:08 [main] INFO  o.h.e.t.j.p.i.JtaPlatformInitiator - HHH000490: Using JtaPlatform implementation: [org.hibernate.engine.transaction.jta.platform.internal.NoJtaPlatform]
2022-08-29 18:55:08 [main] INFO  o.s.o.j.LocalContainerEntityManagerFactoryBean - Initialized JPA EntityManagerFactory for persistence unit 'default'
2022-08-29 18:55:08 [main] WARN  o.s.b.a.o.j.JpaBaseConfiguration$JpaWebConfiguration - spring.jpa.open-in-view is enabled by default. Therefore, database queries may be performed during view rendering. Explicitly configure spring.jpa.open-in-view to disable this warning
2022-08-29 18:55:09 [main] INFO  o.s.b.w.e.tomcat.TomcatWebServer - Tomcat started on port(s): 8080 (http) with context path ''
2022-08-29 18:55:09 [main] INFO  com.example.todo.TodoApplication - Started TodoApplication in 6.412 seconds (JVM running for 7.427)
2022-08-29 18:55:20 [http-nio-8080-exec-1] INFO  o.a.c.c.C.[Tomcat].[localhost].[/] - Initializing Spring DispatcherServlet 'dispatcherServlet'
2022-08-29 18:55:20 [http-nio-8080-exec-1] INFO  o.s.web.servlet.DispatcherServlet - Initializing Servlet 'dispatcherServlet'
2022-08-29 18:55:20 [http-nio-8080-exec-1] INFO  o.s.web.servlet.DispatcherServlet - Completed initialization in 4 ms
2022-08-29 18:55:20 [http-nio-8080-exec-1] INFO  com.example.todo.api.TodoController - REQUEST: Iniciando petición para obtener el listado de TODO's
2022-08-29 18:55:20 [http-nio-8080-exec-1] INFO  com.example.todo.bl.TodoBl - BUSINESS-LOGIC: Iniciando consulta para obtener el listado de todo's
2022-08-29 18:55:20 [http-nio-8080-exec-1] INFO  com.example.todo.bl.TodoBl - BUSINESS-LOGIC: La consulta para obtener el listado de todo's retorno: [TodoEntity{id=1, description='test', createdAt=2022-08-25 12:32:32.0, updatedAt=null, status=1}, TodoEntity{id=2, description='test', createdAt=2022-08-25 12:32:32.0, updatedAt=null, status=1}, TodoEntity{id=3, description='test', createdAt=2022-08-25 12:32:33.0, updatedAt=null, status=1}, TodoEntity{id=4, description='test', createdAt=2022-08-25 12:32:33.0, updatedAt=null, status=1}, TodoEntity{id=5, description='test', createdAt=2022-08-25 12:32:34.0, updatedAt=null, status=1}, TodoEntity{id=6, description='test6', createdAt=2022-08-25 12:37:15.0, updatedAt=null, status=1}, TodoEntity{id=7, description='test7', createdAt=2022-08-26 06:39:02.0, updatedAt=null, status=1}, TodoEntity{id=8, description='test8', createdAt=2022-08-26 07:00:37.0, updatedAt=null, status=1}]
2022-08-29 18:59:54 [http-nio-8080-exec-2] INFO  com.example.todo.api.TodoController - REQUEST: Iniciando petición para obtener el listado de TODO's
2022-08-29 18:59:54 [http-nio-8080-exec-2] INFO  com.example.todo.bl.TodoBl - BUSINESS-LOGIC: Iniciando consulta para obtener el listado de todo's
2022-08-29 18:59:54 [http-nio-8080-exec-2] INFO  com.example.todo.bl.TodoBl - BUSINESS-LOGIC: La consulta para obtener el listado de todo's retorno: [TodoEntity{id=1, description='test', createdAt=2022-08-25 12:32:32.0, updatedAt=null, status=1}, TodoEntity{id=2, description='test', createdAt=2022-08-25 12:32:32.0, updatedAt=null, status=1}, TodoEntity{id=3, description='test', createdAt=2022-08-25 12:32:33.0, updatedAt=null, status=1}, TodoEntity{id=4, description='test', createdAt=2022-08-25 12:32:33.0, updatedAt=null, status=1}, TodoEntity{id=5, description='test', createdAt=2022-08-25 12:32:34.0, updatedAt=null, status=1}, TodoEntity{id=6, description='test6', createdAt=2022-08-25 12:37:15.0, updatedAt=null, status=1}, TodoEntity{id=7, description='test7', createdAt=2022-08-26 06:39:02.0, updatedAt=null, status=1}, TodoEntity{id=8, description='test8', createdAt=2022-08-26 07:00:37.0, updatedAt=null, status=1}]
2022-08-29 19:00:06 [http-nio-8080-exec-3] INFO  com.example.todo.api.TodoController - REQUEST: Iniciando petición para obtener el listado de TODO's
2022-08-29 19:00:06 [http-nio-8080-exec-3] INFO  com.example.todo.bl.TodoBl - BUSINESS-LOGIC: Iniciando consulta para obtener el listado de todo's
2022-08-29 19:00:06 [http-nio-8080-exec-3] INFO  com.example.todo.bl.TodoBl - BUSINESS-LOGIC: La consulta para obtener el listado de todo's retorno: [TodoEntity{id=1, description='test', createdAt=2022-08-25 12:32:32.0, updatedAt=null, status=1}, TodoEntity{id=2, description='test', createdAt=2022-08-25 12:32:32.0, updatedAt=null, status=1}, TodoEntity{id=3, description='test', createdAt=2022-08-25 12:32:33.0, updatedAt=null, status=1}, TodoEntity{id=4, description='test', createdAt=2022-08-25 12:32:33.0, updatedAt=null, status=1}, TodoEntity{id=5, description='test', createdAt=2022-08-25 12:32:34.0, updatedAt=null, status=1}, TodoEntity{id=6, description='test6', createdAt=2022-08-25 12:37:15.0, updatedAt=null, status=1}, TodoEntity{id=7, description='test7', createdAt=2022-08-26 06:39:02.0, updatedAt=null, status=1}, TodoEntity{id=8, description='test8', createdAt=2022-08-26 07:00:37.0, updatedAt=null, status=1}]
2022-08-29 19:00:21 [http-nio-8080-exec-5] INFO  com.example.todo.api.TodoController - REQUEST: Iniciando petición para guardar un TODO
2022-08-29 19:00:21 [http-nio-8080-exec-5] INFO  com.example.todo.bl.TodoBl - BUSINESS-LOGIC: Iniciando consulta para registrar un todo's
2022-08-29 19:00:21 [http-nio-8080-exec-5] INFO  com.example.todo.bl.TodoBl - BUSINESS-LOGIC: La consulta para registrar un todo's retorno: TodoEntity{id=9, description='test8', createdAt=Mon Aug 29 19:00:21 BOT 2022, updatedAt=null, status=1}
2022-08-29 19:06:01 [http-nio-8080-exec-7] INFO  com.example.todo.api.TodoController - REQUEST: Iniciando petición para obtener el listado de TODO's
2022-08-29 19:06:01 [http-nio-8080-exec-7] INFO  com.example.todo.bl.TodoBl - BUSINESS-LOGIC: Iniciando consulta para obtener el listado de todo's
2022-08-29 19:06:01 [http-nio-8080-exec-7] INFO  com.example.todo.bl.TodoBl - BUSINESS-LOGIC: La consulta para obtener el listado de todo's retorno: [TodoEntity{id=1, description='test', createdAt=2022-08-25 12:32:32.0, updatedAt=null, status=1}, TodoEntity{id=2, description='test', createdAt=2022-08-25 12:32:32.0, updatedAt=null, status=1}, TodoEntity{id=3, description='test', createdAt=2022-08-25 12:32:33.0, updatedAt=null, status=1}, TodoEntity{id=4, description='test', createdAt=2022-08-25 12:32:33.0, updatedAt=null, status=1}, TodoEntity{id=5, description='test', createdAt=2022-08-25 12:32:34.0, updatedAt=null, status=1}, TodoEntity{id=6, description='test6', createdAt=2022-08-25 12:37:15.0, updatedAt=null, status=1}, TodoEntity{id=7, description='test7', createdAt=2022-08-26 06:39:02.0, updatedAt=null, status=1}, TodoEntity{id=8, description='test8', createdAt=2022-08-26 07:00:37.0, updatedAt=null, status=1}, TodoEntity{id=9, description='test8', createdAt=2022-08-29 19:00:21.0, updatedAt=null, status=1}]
2022-08-29 19:06:08 [http-nio-8080-exec-8] INFO  com.example.todo.api.TodoController - REQUEST: Iniciando petición para guardar un TODO
2022-08-29 19:06:08 [http-nio-8080-exec-8] INFO  com.example.todo.bl.TodoBl - BUSINESS-LOGIC: Iniciando consulta para registrar un todo's
2022-08-29 19:06:08 [http-nio-8080-exec-8] INFO  com.example.todo.bl.TodoBl - BUSINESS-LOGIC: La consulta para registrar un todo's retorno: TodoEntity{id=10, description='test8', createdAt=Mon Aug 29 19:06:08 BOT 2022, updatedAt=null, status=1}
2022-08-29 19:19:17 [SpringApplicationShutdownHook] INFO  o.s.o.j.LocalContainerEntityManagerFactoryBean - Closing JPA EntityManagerFactory for persistence unit 'default'
2022-08-29 19:19:17 [SpringApplicationShutdownHook] INFO  com.zaxxer.hikari.HikariDataSource - HikariPool-1 - Shutdown initiated...
2022-08-29 19:19:17 [SpringApplicationShutdownHook] INFO  com.zaxxer.hikari.HikariDataSource - HikariPool-1 - Shutdown completed.
2022-08-29 19:20:22 [main] INFO  c.example.todo.TodoApplicationTests - Starting TodoApplicationTests using Java 11.0.16 on bitius-TECRA-Z40-C with PID 90973 (started by bitius in /home/bitius/Escritorio/TODO/BACKEND/backendHomeworkTodo1)
2022-08-29 19:20:22 [main] INFO  c.example.todo.TodoApplicationTests - No active profile set, falling back to 1 default profile: "default"
2022-08-29 19:20:23 [main] INFO  o.s.d.r.c.RepositoryConfigurationDelegate - Bootstrapping Spring Data JPA repositories in DEFAULT mode.
2022-08-29 19:20:23 [main] INFO  o.s.d.r.c.RepositoryConfigurationDelegate - Finished Spring Data repository scanning in 77 ms. Found 1 JPA repository interfaces.
2022-08-29 19:20:24 [main] INFO  o.h.jpa.internal.util.LogHelper - HHH000204: Processing PersistenceUnitInfo [name: default]
2022-08-29 19:20:24 [main] INFO  org.hibernate.Version - HHH000412: Hibernate ORM core version 5.6.10.Final
2022-08-29 19:20:25 [main] INFO  o.h.annotations.common.Version - HCANN000001: Hibernate Commons Annotations {5.1.2.Final}
2022-08-29 19:20:25 [main] INFO  com.zaxxer.hikari.HikariDataSource - HikariPool-1 - Starting...
2022-08-29 19:20:25 [main] INFO  com.zaxxer.hikari.HikariDataSource - HikariPool-1 - Start completed.
2022-08-29 19:20:25 [main] INFO  org.hibernate.dialect.Dialect - HHH000400: Using dialect: org.hibernate.dialect.MySQL5InnoDBDialect
2022-08-29 19:20:26 [main] INFO  o.h.e.t.j.p.i.JtaPlatformInitiator - HHH000490: Using JtaPlatform implementation: [org.hibernate.engine.transaction.jta.platform.internal.NoJtaPlatform]
2022-08-29 19:20:26 [main] INFO  o.s.o.j.LocalContainerEntityManagerFactoryBean - Initialized JPA EntityManagerFactory for persistence unit 'default'
2022-08-29 19:20:27 [main] WARN  o.s.b.a.o.j.JpaBaseConfiguration$JpaWebConfiguration - spring.jpa.open-in-view is enabled by default. Therefore, database queries may be performed during view rendering. Explicitly configure spring.jpa.open-in-view to disable this warning
2022-08-29 19:20:28 [main] INFO  c.example.todo.TodoApplicationTests - Started TodoApplicationTests in 6.724 seconds (JVM running for 8.348)
2022-08-29 19:20:29 [SpringApplicationShutdownHook] INFO  o.s.o.j.LocalContainerEntityManagerFactoryBean - Closing JPA EntityManagerFactory for persistence unit 'default'
2022-08-29 19:20:29 [SpringApplicationShutdownHook] INFO  com.zaxxer.hikari.HikariDataSource - HikariPool-1 - Shutdown initiated...
2022-08-29 19:20:29 [SpringApplicationShutdownHook] INFO  com.zaxxer.hikari.HikariDataSource - HikariPool-1 - Shutdown completed.
2022-08-29 20:02:53 [main] INFO  com.example.todo.TodoApplication - Starting TodoApplication using Java 11.0.16 on bitius-TECRA-Z40-C with PID 104783 (/home/bitius/Escritorio/TODO/BACKEND/backendHomeworkTodo1/target/classes started by bitius in /home/bitius/Escritorio/TODO/BACKEND/backendHomeworkTodo1)
2022-08-29 20:02:53 [main] INFO  com.example.todo.TodoApplication - No active profile set, falling back to 1 default profile: "default"
2022-08-29 20:02:54 [main] INFO  o.s.d.r.c.RepositoryConfigurationDelegate - Bootstrapping Spring Data JPA repositories in DEFAULT mode.
2022-08-29 20:02:54 [main] INFO  o.s.d.r.c.RepositoryConfigurationDelegate - Finished Spring Data repository scanning in 91 ms. Found 1 JPA repository interfaces.
2022-08-29 20:02:55 [main] INFO  o.s.b.w.e.tomcat.TomcatWebServer - Tomcat initialized with port(s): 8080 (http)
2022-08-29 20:02:55 [main] INFO  o.a.catalina.core.StandardService - Starting service [Tomcat]
2022-08-29 20:02:55 [main] INFO  o.a.catalina.core.StandardEngine - Starting Servlet engine: [Apache Tomcat/9.0.65]
2022-08-29 20:02:55 [main] INFO  o.a.c.c.C.[Tomcat].[localhost].[/] - Initializing Spring embedded WebApplicationContext
2022-08-29 20:02:55 [main] INFO  o.s.b.w.s.c.ServletWebServerApplicationContext - Root WebApplicationContext: initialization completed in 2626 ms
2022-08-29 20:02:56 [main] INFO  o.h.jpa.internal.util.LogHelper - HHH000204: Processing PersistenceUnitInfo [name: default]
2022-08-29 20:02:56 [main] INFO  org.hibernate.Version - HHH000412: Hibernate ORM core version 5.6.10.Final
2022-08-29 20:02:56 [main] INFO  o.h.annotations.common.Version - HCANN000001: Hibernate Commons Annotations {5.1.2.Final}
2022-08-29 20:02:56 [main] INFO  com.zaxxer.hikari.HikariDataSource - HikariPool-1 - Starting...
2022-08-29 20:02:56 [main] INFO  com.zaxxer.hikari.HikariDataSource - HikariPool-1 - Start completed.
2022-08-29 20:02:56 [main] INFO  org.hibernate.dialect.Dialect - HHH000400: Using dialect: org.hibernate.dialect.MySQL5InnoDBDialect
2022-08-29 20:02:57 [main] INFO  o.h.e.t.j.p.i.JtaPlatformInitiator - HHH000490: Using JtaPlatform implementation: [org.hibernate.engine.transaction.jta.platform.internal.NoJtaPlatform]
2022-08-29 20:02:57 [main] INFO  o.s.o.j.LocalContainerEntityManagerFactoryBean - Initialized JPA EntityManagerFactory for persistence unit 'default'
2022-08-29 20:02:57 [main] WARN  o.s.b.a.o.j.JpaBaseConfiguration$JpaWebConfiguration - spring.jpa.open-in-view is enabled by default. Therefore, database queries may be performed during view rendering. Explicitly configure spring.jpa.open-in-view to disable this warning
2022-08-29 20:02:59 [main] INFO  o.s.b.w.e.tomcat.TomcatWebServer - Tomcat started on port(s): 8080 (http) with context path ''
2022-08-29 20:02:59 [main] INFO  com.example.todo.TodoApplication - Started TodoApplication in 6.994 seconds (JVM running for 7.469)
2022-08-29 20:20:15 [http-nio-8080-exec-1] INFO  o.a.c.c.C.[Tomcat].[localhost].[/] - Initializing Spring DispatcherServlet 'dispatcherServlet'
2022-08-29 20:20:15 [http-nio-8080-exec-1] INFO  o.s.web.servlet.DispatcherServlet - Initializing Servlet 'dispatcherServlet'
2022-08-29 20:20:15 [http-nio-8080-exec-1] INFO  o.s.web.servlet.DispatcherServlet - Completed initialization in 3 ms
2022-08-29 20:20:16 [http-nio-8080-exec-1] INFO  com.example.todo.api.TodoController - REQUEST: Iniciando petición para obtener el listado de TODO's
2022-08-29 20:20:16 [http-nio-8080-exec-1] INFO  com.example.todo.bl.TodoBl - BUSINESS-LOGIC: Iniciando consulta para obtener el listado de todo's
2022-08-29 20:20:16 [http-nio-8080-exec-1] INFO  com.example.todo.bl.TodoBl - BUSINESS-LOGIC: La consulta para obtener el listado de todo's retorno: [TodoEntity{id=1, description='test', createdAt=2022-08-25 12:32:32.0, updatedAt=null, status=1}, TodoEntity{id=2, description='test', createdAt=2022-08-25 12:32:32.0, updatedAt=null, status=1}, TodoEntity{id=3, description='test', createdAt=2022-08-25 12:32:33.0, updatedAt=null, status=1}, TodoEntity{id=4, description='test', createdAt=2022-08-25 12:32:33.0, updatedAt=null, status=1}, TodoEntity{id=5, description='test', createdAt=2022-08-25 12:32:34.0, updatedAt=null, status=1}, TodoEntity{id=6, description='test6', createdAt=2022-08-25 12:37:15.0, updatedAt=null, status=1}, TodoEntity{id=7, description='test7', createdAt=2022-08-26 06:39:02.0, updatedAt=null, status=1}, TodoEntity{id=8, description='test8', createdAt=2022-08-26 07:00:37.0, updatedAt=null, status=1}, TodoEntity{id=9, description='test8', createdAt=2022-08-29 19:00:21.0, updatedAt=null, status=1}, TodoEntity{id=10, description='test8', createdAt=2022-08-29 19:06:08.0, updatedAt=null, status=1}]
2022-08-29 20:21:08 [http-nio-8080-exec-2] INFO  com.example.todo.api.TodoController - REQUEST: Iniciando petición para obtener el listado de TODO's
2022-08-29 20:21:08 [http-nio-8080-exec-2] INFO  com.example.todo.bl.TodoBl - BUSINESS-LOGIC: Iniciando consulta para obtener el listado de todo's
2022-08-29 20:21:08 [http-nio-8080-exec-2] INFO  com.example.todo.bl.TodoBl - BUSINESS-LOGIC: La consulta para obtener el listado de todo's retorno: [TodoEntity{id=1, description='test', createdAt=2022-08-25 12:32:32.0, updatedAt=null, status=1}, TodoEntity{id=2, description='test', createdAt=2022-08-25 12:32:32.0, updatedAt=null, status=1}, TodoEntity{id=3, description='test', createdAt=2022-08-25 12:32:33.0, updatedAt=null, status=1}, TodoEntity{id=4, description='test', createdAt=2022-08-25 12:32:33.0, updatedAt=null, status=1}, TodoEntity{id=5, description='test', createdAt=2022-08-25 12:32:34.0, updatedAt=null, status=1}, TodoEntity{id=6, description='test6', createdAt=2022-08-25 12:37:15.0, updatedAt=null, status=1}, TodoEntity{id=7, description='test7', createdAt=2022-08-26 06:39:02.0, updatedAt=null, status=1}, TodoEntity{id=8, description='test8', createdAt=2022-08-26 07:00:37.0, updatedAt=null, status=1}, TodoEntity{id=9, description='test8', createdAt=2022-08-29 19:00:21.0, updatedAt=null, status=1}, TodoEntity{id=10, description='test8', createdAt=2022-08-29 19:06:08.0, updatedAt=null, status=1}]
2022-08-29 20:21:19 [http-nio-8080-exec-3] INFO  com.example.todo.api.TodoController - REQUEST: Iniciando petición para obtener el listado de TODO's
2022-08-29 20:21:19 [http-nio-8080-exec-3] INFO  com.example.todo.bl.TodoBl - BUSINESS-LOGIC: Iniciando consulta para obtener el listado de todo's
2022-08-29 20:21:19 [http-nio-8080-exec-3] INFO  com.example.todo.bl.TodoBl - BUSINESS-LOGIC: La consulta para obtener el listado de todo's retorno: [TodoEntity{id=1, description='test', createdAt=2022-08-25 12:32:32.0, updatedAt=null, status=1}, TodoEntity{id=2, description='test', createdAt=2022-08-25 12:32:32.0, updatedAt=null, status=1}, TodoEntity{id=3, description='test', createdAt=2022-08-25 12:32:33.0, updatedAt=null, status=1}, TodoEntity{id=4, description='test', createdAt=2022-08-25 12:32:33.0, updatedAt=null, status=1}, TodoEntity{id=5, description='test', createdAt=2022-08-25 12:32:34.0, updatedAt=null, status=1}, TodoEntity{id=6, description='test6', createdAt=2022-08-25 12:37:15.0, updatedAt=null, status=1}, TodoEntity{id=7, description='test7', createdAt=2022-08-26 06:39:02.0, updatedAt=null, status=1}, TodoEntity{id=8, description='test8', createdAt=2022-08-26 07:00:37.0, updatedAt=null, status=1}, TodoEntity{id=9, description='test8', createdAt=2022-08-29 19:00:21.0, updatedAt=null, status=1}, TodoEntity{id=10, description='test8', createdAt=2022-08-29 19:06:08.0, updatedAt=null, status=1}]
2022-08-29 20:21:42 [http-nio-8080-exec-4] INFO  com.example.todo.api.TodoController - REQUEST: Iniciando petición para obtener el listado de TODO's
2022-08-29 20:21:42 [http-nio-8080-exec-4] INFO  com.example.todo.bl.TodoBl - BUSINESS-LOGIC: Iniciando consulta para obtener el listado de todo's
2022-08-29 20:21:42 [http-nio-8080-exec-4] INFO  com.example.todo.bl.TodoBl - BUSINESS-LOGIC: La consulta para obtener el listado de todo's retorno: [TodoEntity{id=1, description='test', createdAt=2022-08-25 12:32:32.0, updatedAt=null, status=1}, TodoEntity{id=2, description='test', createdAt=2022-08-25 12:32:32.0, updatedAt=null, status=1}, TodoEntity{id=3, description='test', createdAt=2022-08-25 12:32:33.0, updatedAt=null, status=1}, TodoEntity{id=4, description='test', createdAt=2022-08-25 12:32:33.0, updatedAt=null, status=1}, TodoEntity{id=5, description='test', createdAt=2022-08-25 12:32:34.0, updatedAt=null, status=1}, TodoEntity{id=6, description='test6', createdAt=2022-08-25 12:37:15.0, updatedAt=null, status=1}, TodoEntity{id=7, description='test7', createdAt=2022-08-26 06:39:02.0, updatedAt=null, status=1}, TodoEntity{id=8, description='test8', createdAt=2022-08-26 07:00:37.0, updatedAt=null, status=1}, TodoEntity{id=9, description='test8', createdAt=2022-08-29 19:00:21.0, updatedAt=null, status=1}, TodoEntity{id=10, description='test8', createdAt=2022-08-29 19:06:08.0, updatedAt=null, status=1}]
2022-08-29 20:21:59 [http-nio-8080-exec-5] INFO  com.example.todo.api.TodoController - REQUEST: Iniciando petición para obtener el listado de TODO's
2022-08-29 20:21:59 [http-nio-8080-exec-5] INFO  com.example.todo.bl.TodoBl - BUSINESS-LOGIC: Iniciando consulta para obtener el listado de todo's
2022-08-29 20:21:59 [http-nio-8080-exec-5] INFO  com.example.todo.bl.TodoBl - BUSINESS-LOGIC: La consulta para obtener el listado de todo's retorno: [TodoEntity{id=1, description='test', createdAt=2022-08-25 12:32:32.0, updatedAt=null, status=1}, TodoEntity{id=2, description='test', createdAt=2022-08-25 12:32:32.0, updatedAt=null, status=1}, TodoEntity{id=3, description='test', createdAt=2022-08-25 12:32:33.0, updatedAt=null, status=1}, TodoEntity{id=4, description='test', createdAt=2022-08-25 12:32:33.0, updatedAt=null, status=1}, TodoEntity{id=5, description='test', createdAt=2022-08-25 12:32:34.0, updatedAt=null, status=1}, TodoEntity{id=6, description='test6', createdAt=2022-08-25 12:37:15.0, updatedAt=null, status=1}, TodoEntity{id=7, description='test7', createdAt=2022-08-26 06:39:02.0, updatedAt=null, status=1}, TodoEntity{id=8, description='test8', createdAt=2022-08-26 07:00:37.0, updatedAt=null, status=1}, TodoEntity{id=9, description='test8', createdAt=2022-08-29 19:00:21.0, updatedAt=null, status=1}, TodoEntity{id=10, description='test8', createdAt=2022-08-29 19:06:08.0, updatedAt=null, status=1}]
2022-08-29 20:22:28 [http-nio-8080-exec-6] INFO  com.example.todo.api.TodoController - REQUEST: Iniciando petición para obtener el listado de TODO's
2022-08-29 20:22:28 [http-nio-8080-exec-6] INFO  com.example.todo.bl.TodoBl - BUSINESS-LOGIC: Iniciando consulta para obtener el listado de todo's
2022-08-29 20:22:28 [http-nio-8080-exec-6] INFO  com.example.todo.bl.TodoBl - BUSINESS-LOGIC: La consulta para obtener el listado de todo's retorno: [TodoEntity{id=1, description='test', createdAt=2022-08-25 12:32:32.0, updatedAt=null, status=1}, TodoEntity{id=2, description='test', createdAt=2022-08-25 12:32:32.0, updatedAt=null, status=1}, TodoEntity{id=3, description='test', createdAt=2022-08-25 12:32:33.0, updatedAt=null, status=1}, TodoEntity{id=4, description='test', createdAt=2022-08-25 12:32:33.0, updatedAt=null, status=1}, TodoEntity{id=5, description='test', createdAt=2022-08-25 12:32:34.0, updatedAt=null, status=1}, TodoEntity{id=6, description='test6', createdAt=2022-08-25 12:37:15.0, updatedAt=null, status=1}, TodoEntity{id=7, description='test7', createdAt=2022-08-26 06:39:02.0, updatedAt=null, status=1}, TodoEntity{id=8, description='test8', createdAt=2022-08-26 07:00:37.0, updatedAt=null, status=1}, TodoEntity{id=9, description='test8', createdAt=2022-08-29 19:00:21.0, updatedAt=null, status=1}, TodoEntity{id=10, description='test8', createdAt=2022-08-29 19:06:08.0, updatedAt=null, status=1}]
2022-08-29 20:22:52 [http-nio-8080-exec-7] INFO  com.example.todo.api.TodoController - REQUEST: Iniciando petición para obtener el listado de TODO's
2022-08-29 20:22:52 [http-nio-8080-exec-7] INFO  com.example.todo.bl.TodoBl - BUSINESS-LOGIC: Iniciando consulta para obtener el listado de todo's
2022-08-29 20:22:52 [http-nio-8080-exec-7] INFO  com.example.todo.bl.TodoBl - BUSINESS-LOGIC: La consulta para obtener el listado de todo's retorno: [TodoEntity{id=1, description='test', createdAt=2022-08-25 12:32:32.0, updatedAt=null, status=1}, TodoEntity{id=2, description='test', createdAt=2022-08-25 12:32:32.0, updatedAt=null, status=1}, TodoEntity{id=3, description='test', createdAt=2022-08-25 12:32:33.0, updatedAt=null, status=1}, TodoEntity{id=4, description='test', createdAt=2022-08-25 12:32:33.0, updatedAt=null, status=1}, TodoEntity{id=5, description='test', createdAt=2022-08-25 12:32:34.0, updatedAt=null, status=1}, TodoEntity{id=6, description='test6', createdAt=2022-08-25 12:37:15.0, updatedAt=null, status=1}, TodoEntity{id=7, description='test7', createdAt=2022-08-26 06:39:02.0, updatedAt=null, status=1}, TodoEntity{id=8, description='test8', createdAt=2022-08-26 07:00:37.0, updatedAt=null, status=1}, TodoEntity{id=9, description='test8', createdAt=2022-08-29 19:00:21.0, updatedAt=null, status=1}, TodoEntity{id=10, description='test8', createdAt=2022-08-29 19:06:08.0, updatedAt=null, status=1}]
2022-08-29 20:23:41 [http-nio-8080-exec-8] INFO  com.example.todo.api.TodoController - REQUEST: Iniciando petición para obtener el listado de TODO's
2022-08-29 20:23:41 [http-nio-8080-exec-8] INFO  com.example.todo.bl.TodoBl - BUSINESS-LOGIC: Iniciando consulta para obtener el listado de todo's
2022-08-29 20:23:41 [http-nio-8080-exec-8] INFO  com.example.todo.bl.TodoBl - BUSINESS-LOGIC: La consulta para obtener el listado de todo's retorno: [TodoEntity{id=1, description='test', createdAt=2022-08-25 12:32:32.0, updatedAt=null, status=1}, TodoEntity{id=2, description='test', createdAt=2022-08-25 12:32:32.0, updatedAt=null, status=1}, TodoEntity{id=3, description='test', createdAt=2022-08-25 12:32:33.0, updatedAt=null, status=1}, TodoEntity{id=4, description='test', createdAt=2022-08-25 12:32:33.0, updatedAt=null, status=1}, TodoEntity{id=5, description='test', createdAt=2022-08-25 12:32:34.0, updatedAt=null, status=1}, TodoEntity{id=6, description='test6', createdAt=2022-08-25 12:37:15.0, updatedAt=null, status=1}, TodoEntity{id=7, description='test7', createdAt=2022-08-26 06:39:02.0, updatedAt=null, status=1}, TodoEntity{id=8, description='test8', createdAt=2022-08-26 07:00:37.0, updatedAt=null, status=1}, TodoEntity{id=9, description='test8', createdAt=2022-08-29 19:00:21.0, updatedAt=null, status=1}, TodoEntity{id=10, description='test8', createdAt=2022-08-29 19:06:08.0, updatedAt=null, status=1}]
2022-08-29 20:23:53 [http-nio-8080-exec-9] INFO  com.example.todo.api.TodoController - REQUEST: Iniciando petición para obtener el listado de TODO's
2022-08-29 20:23:53 [http-nio-8080-exec-9] INFO  com.example.todo.bl.TodoBl - BUSINESS-LOGIC: Iniciando consulta para obtener el listado de todo's
2022-08-29 20:23:53 [http-nio-8080-exec-9] INFO  com.example.todo.bl.TodoBl - BUSINESS-LOGIC: La consulta para obtener el listado de todo's retorno: [TodoEntity{id=1, description='test', createdAt=2022-08-25 12:32:32.0, updatedAt=null, status=1}, TodoEntity{id=2, description='test', createdAt=2022-08-25 12:32:32.0, updatedAt=null, status=1}, TodoEntity{id=3, description='test', createdAt=2022-08-25 12:32:33.0, updatedAt=null, status=1}, TodoEntity{id=4, description='test', createdAt=2022-08-25 12:32:33.0, updatedAt=null, status=1}, TodoEntity{id=5, description='test', createdAt=2022-08-25 12:32:34.0, updatedAt=null, status=1}, TodoEntity{id=6, description='test6', createdAt=2022-08-25 12:37:15.0, updatedAt=null, status=1}, TodoEntity{id=7, description='test7', createdAt=2022-08-26 06:39:02.0, updatedAt=null, status=1}, TodoEntity{id=8, description='test8', createdAt=2022-08-26 07:00:37.0, updatedAt=null, status=1}, TodoEntity{id=9, description='test8', createdAt=2022-08-29 19:00:21.0, updatedAt=null, status=1}, TodoEntity{id=10, description='test8', createdAt=2022-08-29 19:06:08.0, updatedAt=null, status=1}]
2022-08-29 20:23:56 [http-nio-8080-exec-10] INFO  com.example.todo.api.TodoController - REQUEST: Iniciando petición para obtener el listado de TODO's
2022-08-29 20:23:56 [http-nio-8080-exec-10] INFO  com.example.todo.bl.TodoBl - BUSINESS-LOGIC: Iniciando consulta para obtener el listado de todo's
2022-08-29 20:23:56 [http-nio-8080-exec-10] INFO  com.example.todo.bl.TodoBl - BUSINESS-LOGIC: La consulta para obtener el listado de todo's retorno: [TodoEntity{id=1, description='test', createdAt=2022-08-25 12:32:32.0, updatedAt=null, status=1}, TodoEntity{id=2, description='test', createdAt=2022-08-25 12:32:32.0, updatedAt=null, status=1}, TodoEntity{id=3, description='test', createdAt=2022-08-25 12:32:33.0, updatedAt=null, status=1}, TodoEntity{id=4, description='test', createdAt=2022-08-25 12:32:33.0, updatedAt=null, status=1}, TodoEntity{id=5, description='test', createdAt=2022-08-25 12:32:34.0, updatedAt=null, status=1}, TodoEntity{id=6, description='test6', createdAt=2022-08-25 12:37:15.0, updatedAt=null, status=1}, TodoEntity{id=7, description='test7', createdAt=2022-08-26 06:39:02.0, updatedAt=null, status=1}, TodoEntity{id=8, description='test8', createdAt=2022-08-26 07:00:37.0, updatedAt=null, status=1}, TodoEntity{id=9, description='test8', createdAt=2022-08-29 19:00:21.0, updatedAt=null, status=1}, TodoEntity{id=10, description='test8', createdAt=2022-08-29 19:06:08.0, updatedAt=null, status=1}]
2022-08-29 20:24:36 [http-nio-8080-exec-1] INFO  com.example.todo.api.TodoController - REQUEST: Iniciando petición para obtener el listado de TODO's
2022-08-29 20:24:36 [http-nio-8080-exec-1] INFO  com.example.todo.bl.TodoBl - BUSINESS-LOGIC: Iniciando consulta para obtener el listado de todo's
2022-08-29 20:24:36 [http-nio-8080-exec-1] INFO  com.example.todo.bl.TodoBl - BUSINESS-LOGIC: La consulta para obtener el listado de todo's retorno: [TodoEntity{id=1, description='test', createdAt=2022-08-25 12:32:32.0, updatedAt=null, status=1}, TodoEntity{id=2, description='test', createdAt=2022-08-25 12:32:32.0, updatedAt=null, status=1}, TodoEntity{id=3, description='test', createdAt=2022-08-25 12:32:33.0, updatedAt=null, status=1}, TodoEntity{id=4, description='test', createdAt=2022-08-25 12:32:33.0, updatedAt=null, status=1}, TodoEntity{id=5, description='test', createdAt=2022-08-25 12:32:34.0, updatedAt=null, status=1}, TodoEntity{id=6, description='test6', createdAt=2022-08-25 12:37:15.0, updatedAt=null, status=1}, TodoEntity{id=7, description='test7', createdAt=2022-08-26 06:39:02.0, updatedAt=null, status=1}, TodoEntity{id=8, description='test8', createdAt=2022-08-26 07:00:37.0, updatedAt=null, status=1}, TodoEntity{id=9, description='test8', createdAt=2022-08-29 19:00:21.0, updatedAt=null, status=1}, TodoEntity{id=10, description='test8', createdAt=2022-08-29 19:06:08.0, updatedAt=null, status=1}]
2022-08-29 20:25:06 [http-nio-8080-exec-2] INFO  com.example.todo.api.TodoController - REQUEST: Iniciando petición para obtener el listado de TODO's
2022-08-29 20:25:06 [http-nio-8080-exec-2] INFO  com.example.todo.bl.TodoBl - BUSINESS-LOGIC: Iniciando consulta para obtener el listado de todo's
2022-08-29 20:25:06 [http-nio-8080-exec-2] INFO  com.example.todo.bl.TodoBl - BUSINESS-LOGIC: La consulta para obtener el listado de todo's retorno: [TodoEntity{id=1, description='test', createdAt=2022-08-25 12:32:32.0, updatedAt=null, status=1}, TodoEntity{id=2, description='test', createdAt=2022-08-25 12:32:32.0, updatedAt=null, status=1}, TodoEntity{id=3, description='test', createdAt=2022-08-25 12:32:33.0, updatedAt=null, status=1}, TodoEntity{id=4, description='test', createdAt=2022-08-25 12:32:33.0, updatedAt=null, status=1}, TodoEntity{id=5, description='test', createdAt=2022-08-25 12:32:34.0, updatedAt=null, status=1}, TodoEntity{id=6, description='test6', createdAt=2022-08-25 12:37:15.0, updatedAt=null, status=1}, TodoEntity{id=7, description='test7', createdAt=2022-08-26 06:39:02.0, updatedAt=null, status=1}, TodoEntity{id=8, description='test8', createdAt=2022-08-26 07:00:37.0, updatedAt=null, status=1}, TodoEntity{id=9, description='test8', createdAt=2022-08-29 19:00:21.0, updatedAt=null, status=1}, TodoEntity{id=10, description='test8', createdAt=2022-08-29 19:06:08.0, updatedAt=null, status=1}]
2022-08-29 20:25:24 [http-nio-8080-exec-3] INFO  com.example.todo.api.TodoController - REQUEST: Iniciando petición para obtener el listado de TODO's
2022-08-29 20:25:24 [http-nio-8080-exec-3] INFO  com.example.todo.bl.TodoBl - BUSINESS-LOGIC: Iniciando consulta para obtener el listado de todo's
2022-08-29 20:25:24 [http-nio-8080-exec-3] INFO  com.example.todo.bl.TodoBl - BUSINESS-LOGIC: La consulta para obtener el listado de todo's retorno: [TodoEntity{id=1, description='test', createdAt=2022-08-25 12:32:32.0, updatedAt=null, status=1}, TodoEntity{id=2, description='test', createdAt=2022-08-25 12:32:32.0, updatedAt=null, status=1}, TodoEntity{id=3, description='test', createdAt=2022-08-25 12:32:33.0, updatedAt=null, status=1}, TodoEntity{id=4, description='test', createdAt=2022-08-25 12:32:33.0, updatedAt=null, status=1}, TodoEntity{id=5, description='test', createdAt=2022-08-25 12:32:34.0, updatedAt=null, status=1}, TodoEntity{id=6, description='test6', createdAt=2022-08-25 12:37:15.0, updatedAt=null, status=1}, TodoEntity{id=7, description='test7', createdAt=2022-08-26 06:39:02.0, updatedAt=null, status=1}, TodoEntity{id=8, description='test8', createdAt=2022-08-26 07:00:37.0, updatedAt=null, status=1}, TodoEntity{id=9, description='test8', createdAt=2022-08-29 19:00:21.0, updatedAt=null, status=1}, TodoEntity{id=10, description='test8', createdAt=2022-08-29 19:06:08.0, updatedAt=null, status=1}]
2022-08-29 20:25:32 [http-nio-8080-exec-4] INFO  com.example.todo.api.TodoController - REQUEST: Iniciando petición para obtener el listado de TODO's
2022-08-29 20:25:32 [http-nio-8080-exec-4] INFO  com.example.todo.bl.TodoBl - BUSINESS-LOGIC: Iniciando consulta para obtener el listado de todo's
2022-08-29 20:25:32 [http-nio-8080-exec-4] INFO  com.example.todo.bl.TodoBl - BUSINESS-LOGIC: La consulta para obtener el listado de todo's retorno: [TodoEntity{id=1, description='test', createdAt=2022-08-25 12:32:32.0, updatedAt=null, status=1}, TodoEntity{id=2, description='test', createdAt=2022-08-25 12:32:32.0, updatedAt=null, status=1}, TodoEntity{id=3, description='test', createdAt=2022-08-25 12:32:33.0, updatedAt=null, status=1}, TodoEntity{id=4, description='test', createdAt=2022-08-25 12:32:33.0, updatedAt=null, status=1}, TodoEntity{id=5, description='test', createdAt=2022-08-25 12:32:34.0, updatedAt=null, status=1}, TodoEntity{id=6, description='test6', createdAt=2022-08-25 12:37:15.0, updatedAt=null, status=1}, TodoEntity{id=7, description='test7', createdAt=2022-08-26 06:39:02.0, updatedAt=null, status=1}, TodoEntity{id=8, description='test8', createdAt=2022-08-26 07:00:37.0, updatedAt=null, status=1}, TodoEntity{id=9, description='test8', createdAt=2022-08-29 19:00:21.0, updatedAt=null, status=1}, TodoEntity{id=10, description='test8', createdAt=2022-08-29 19:06:08.0, updatedAt=null, status=1}]
2022-08-29 20:26:11 [http-nio-8080-exec-5] INFO  com.example.todo.api.TodoController - REQUEST: Iniciando petición para obtener el listado de TODO's
2022-08-29 20:26:11 [http-nio-8080-exec-5] INFO  com.example.todo.bl.TodoBl - BUSINESS-LOGIC: Iniciando consulta para obtener el listado de todo's
2022-08-29 20:26:11 [http-nio-8080-exec-5] INFO  com.example.todo.bl.TodoBl - BUSINESS-LOGIC: La consulta para obtener el listado de todo's retorno: [TodoEntity{id=1, description='test', createdAt=2022-08-25 12:32:32.0, updatedAt=null, status=1}, TodoEntity{id=2, description='test', createdAt=2022-08-25 12:32:32.0, updatedAt=null, status=1}, TodoEntity{id=3, description='test', createdAt=2022-08-25 12:32:33.0, updatedAt=null, status=1}, TodoEntity{id=4, description='test', createdAt=2022-08-25 12:32:33.0, updatedAt=null, status=1}, TodoEntity{id=5, description='test', createdAt=2022-08-25 12:32:34.0, updatedAt=null, status=1}, TodoEntity{id=6, description='test6', createdAt=2022-08-25 12:37:15.0, updatedAt=null, status=1}, TodoEntity{id=7, description='test7', createdAt=2022-08-26 06:39:02.0, updatedAt=null, status=1}, TodoEntity{id=8, description='test8', createdAt=2022-08-26 07:00:37.0, updatedAt=null, status=1}, TodoEntity{id=9, description='test8', createdAt=2022-08-29 19:00:21.0, updatedAt=null, status=1}, TodoEntity{id=10, description='test8', createdAt=2022-08-29 19:06:08.0, updatedAt=null, status=1}]
2022-08-29 20:26:46 [http-nio-8080-exec-6] INFO  com.example.todo.api.TodoController - REQUEST: Iniciando petición para obtener el listado de TODO's
2022-08-29 20:26:46 [http-nio-8080-exec-6] INFO  com.example.todo.bl.TodoBl - BUSINESS-LOGIC: Iniciando consulta para obtener el listado de todo's
2022-08-29 20:26:46 [http-nio-8080-exec-6] INFO  com.example.todo.bl.TodoBl - BUSINESS-LOGIC: La consulta para obtener el listado de todo's retorno: [TodoEntity{id=1, description='test', createdAt=2022-08-25 12:32:32.0, updatedAt=null, status=1}, TodoEntity{id=2, description='test', createdAt=2022-08-25 12:32:32.0, updatedAt=null, status=1}, TodoEntity{id=3, description='test', createdAt=2022-08-25 12:32:33.0, updatedAt=null, status=1}, TodoEntity{id=4, description='test', createdAt=2022-08-25 12:32:33.0, updatedAt=null, status=1}, TodoEntity{id=5, description='test', createdAt=2022-08-25 12:32:34.0, updatedAt=null, status=1}, TodoEntity{id=6, description='test6', createdAt=2022-08-25 12:37:15.0, updatedAt=null, status=1}, TodoEntity{id=7, description='test7', createdAt=2022-08-26 06:39:02.0, updatedAt=null, status=1}, TodoEntity{id=8, description='test8', createdAt=2022-08-26 07:00:37.0, updatedAt=null, status=1}, TodoEntity{id=9, description='test8', createdAt=2022-08-29 19:00:21.0, updatedAt=null, status=1}, TodoEntity{id=10, description='test8', createdAt=2022-08-29 19:06:08.0, updatedAt=null, status=1}]
2022-08-29 20:26:58 [http-nio-8080-exec-7] INFO  com.example.todo.api.TodoController - REQUEST: Iniciando petición para obtener el listado de TODO's
2022-08-29 20:26:58 [http-nio-8080-exec-7] INFO  com.example.todo.bl.TodoBl - BUSINESS-LOGIC: Iniciando consulta para obtener el listado de todo's
2022-08-29 20:26:58 [http-nio-8080-exec-7] INFO  com.example.todo.bl.TodoBl - BUSINESS-LOGIC: La consulta para obtener el listado de todo's retorno: [TodoEntity{id=1, description='test', createdAt=2022-08-25 12:32:32.0, updatedAt=null, status=1}, TodoEntity{id=2, description='test', createdAt=2022-08-25 12:32:32.0, updatedAt=null, status=1}, TodoEntity{id=3, description='test', createdAt=2022-08-25 12:32:33.0, updatedAt=null, status=1}, TodoEntity{id=4, description='test', createdAt=2022-08-25 12:32:33.0, updatedAt=null, status=1}, TodoEntity{id=5, description='test', createdAt=2022-08-25 12:32:34.0, updatedAt=null, status=1}, TodoEntity{id=6, description='test6', createdAt=2022-08-25 12:37:15.0, updatedAt=null, status=1}, TodoEntity{id=7, description='test7', createdAt=2022-08-26 06:39:02.0, updatedAt=null, status=1}, TodoEntity{id=8, description='test8', createdAt=2022-08-26 07:00:37.0, updatedAt=null, status=1}, TodoEntity{id=9, description='test8', createdAt=2022-08-29 19:00:21.0, updatedAt=null, status=1}, TodoEntity{id=10, description='test8', createdAt=2022-08-29 19:06:08.0, updatedAt=null, status=1}]
2022-08-29 20:27:05 [http-nio-8080-exec-8] INFO  com.example.todo.api.TodoController - REQUEST: Iniciando petición para obtener el listado de TODO's
2022-08-29 20:27:05 [http-nio-8080-exec-8] INFO  com.example.todo.bl.TodoBl - BUSINESS-LOGIC: Iniciando consulta para obtener el listado de todo's
2022-08-29 20:27:05 [http-nio-8080-exec-8] INFO  com.example.todo.bl.TodoBl - BUSINESS-LOGIC: La consulta para obtener el listado de todo's retorno: [TodoEntity{id=1, description='test', createdAt=2022-08-25 12:32:32.0, updatedAt=null, status=1}, TodoEntity{id=2, description='test', createdAt=2022-08-25 12:32:32.0, updatedAt=null, status=1}, TodoEntity{id=3, description='test', createdAt=2022-08-25 12:32:33.0, updatedAt=null, status=1}, TodoEntity{id=4, description='test', createdAt=2022-08-25 12:32:33.0, updatedAt=null, status=1}, TodoEntity{id=5, description='test', createdAt=2022-08-25 12:32:34.0, updatedAt=null, status=1}, TodoEntity{id=6, description='test6', createdAt=2022-08-25 12:37:15.0, updatedAt=null, status=1}, TodoEntity{id=7, description='test7', createdAt=2022-08-26 06:39:02.0, updatedAt=null, status=1}, TodoEntity{id=8, description='test8', createdAt=2022-08-26 07:00:37.0, updatedAt=null, status=1}, TodoEntity{id=9, description='test8', createdAt=2022-08-29 19:00:21.0, updatedAt=null, status=1}, TodoEntity{id=10, description='test8', createdAt=2022-08-29 19:06:08.0, updatedAt=null, status=1}]
2022-08-29 20:28:59 [http-nio-8080-exec-10] INFO  com.example.todo.api.TodoController - REQUEST: Iniciando petición para obtener el listado de TODO's
2022-08-29 20:28:59 [http-nio-8080-exec-10] INFO  com.example.todo.bl.TodoBl - BUSINESS-LOGIC: Iniciando consulta para obtener el listado de todo's
2022-08-29 20:28:59 [http-nio-8080-exec-10] INFO  com.example.todo.bl.TodoBl - BUSINESS-LOGIC: La consulta para obtener el listado de todo's retorno: [TodoEntity{id=1, description='test', createdAt=2022-08-25 12:32:32.0, updatedAt=null, status=1}, TodoEntity{id=2, description='test', createdAt=2022-08-25 12:32:32.0, updatedAt=null, status=1}, TodoEntity{id=3, description='test', createdAt=2022-08-25 12:32:33.0, updatedAt=null, status=1}, TodoEntity{id=4, description='test', createdAt=2022-08-25 12:32:33.0, updatedAt=null, status=1}, TodoEntity{id=5, description='test', createdAt=2022-08-25 12:32:34.0, updatedAt=null, status=1}, TodoEntity{id=6, description='test6', createdAt=2022-08-25 12:37:15.0, updatedAt=null, status=1}, TodoEntity{id=7, description='test7', createdAt=2022-08-26 06:39:02.0, updatedAt=null, status=1}, TodoEntity{id=8, description='test8', createdAt=2022-08-26 07:00:37.0, updatedAt=null, status=1}, TodoEntity{id=9, description='test8', createdAt=2022-08-29 19:00:21.0, updatedAt=null, status=1}, TodoEntity{id=10, description='test8', createdAt=2022-08-29 19:06:08.0, updatedAt=null, status=1}]
2022-08-29 20:31:09 [http-nio-8080-exec-2] INFO  com.example.todo.api.TodoController - REQUEST: Iniciando petición para obtener el listado de TODO's
2022-08-29 20:31:09 [http-nio-8080-exec-2] INFO  com.example.todo.bl.TodoBl - BUSINESS-LOGIC: Iniciando consulta para obtener el listado de todo's
2022-08-29 20:31:09 [http-nio-8080-exec-2] INFO  com.example.todo.bl.TodoBl - BUSINESS-LOGIC: La consulta para obtener el listado de todo's retorno: [TodoEntity{id=1, description='test', createdAt=2022-08-25 12:32:32.0, updatedAt=null, status=1}, TodoEntity{id=2, description='test', createdAt=2022-08-25 12:32:32.0, updatedAt=null, status=1}, TodoEntity{id=3, description='test', createdAt=2022-08-25 12:32:33.0, updatedAt=null, status=1}, TodoEntity{id=4, description='test', createdAt=2022-08-25 12:32:33.0, updatedAt=null, status=1}, TodoEntity{id=5, description='test', createdAt=2022-08-25 12:32:34.0, updatedAt=null, status=1}, TodoEntity{id=6, description='test6', createdAt=2022-08-25 12:37:15.0, updatedAt=null, status=1}, TodoEntity{id=7, description='test7', createdAt=2022-08-26 06:39:02.0, updatedAt=null, status=1}, TodoEntity{id=8, description='test8', createdAt=2022-08-26 07:00:37.0, updatedAt=null, status=1}, TodoEntity{id=9, description='test8', createdAt=2022-08-29 19:00:21.0, updatedAt=null, status=1}, TodoEntity{id=10, description='test8', createdAt=2022-08-29 19:06:08.0, updatedAt=null, status=1}]
2022-08-29 20:43:39 [http-nio-8080-exec-4] INFO  com.example.todo.api.TodoController - REQUEST: Iniciando petición para obtener el listado de TODO's
2022-08-29 20:43:39 [http-nio-8080-exec-4] INFO  com.example.todo.bl.TodoBl - BUSINESS-LOGIC: Iniciando consulta para obtener el listado de todo's
2022-08-29 20:43:39 [http-nio-8080-exec-4] INFO  com.example.todo.bl.TodoBl - BUSINESS-LOGIC: La consulta para obtener el listado de todo's retorno: [TodoEntity{id=1, description='test', createdAt=2022-08-25 12:32:32.0, updatedAt=null, status=1}, TodoEntity{id=2, description='test', createdAt=2022-08-25 12:32:32.0, updatedAt=null, status=1}, TodoEntity{id=3, description='test', createdAt=2022-08-25 12:32:33.0, updatedAt=null, status=1}, TodoEntity{id=4, description='test', createdAt=2022-08-25 12:32:33.0, updatedAt=null, status=1}, TodoEntity{id=5, description='test', createdAt=2022-08-25 12:32:34.0, updatedAt=null, status=1}, TodoEntity{id=6, description='test6', createdAt=2022-08-25 12:37:15.0, updatedAt=null, status=1}, TodoEntity{id=7, description='test7', createdAt=2022-08-26 06:39:02.0, updatedAt=null, status=1}, TodoEntity{id=8, description='test8', createdAt=2022-08-26 07:00:37.0, updatedAt=null, status=1}, TodoEntity{id=9, description='test8', createdAt=2022-08-29 19:00:21.0, updatedAt=null, status=1}, TodoEntity{id=10, description='test8', createdAt=2022-08-29 19:06:08.0, updatedAt=null, status=1}]
2022-08-29 20:43:50 [http-nio-8080-exec-5] INFO  com.example.todo.api.TodoController - REQUEST: Iniciando petición para obtener el listado de TODO's
2022-08-29 20:43:50 [http-nio-8080-exec-5] INFO  com.example.todo.bl.TodoBl - BUSINESS-LOGIC: Iniciando consulta para obtener el listado de todo's
2022-08-29 20:43:50 [http-nio-8080-exec-5] INFO  com.example.todo.bl.TodoBl - BUSINESS-LOGIC: La consulta para obtener el listado de todo's retorno: [TodoEntity{id=1, description='test', createdAt=2022-08-25 12:32:32.0, updatedAt=null, status=1}, TodoEntity{id=2, description='test', createdAt=2022-08-25 12:32:32.0, updatedAt=null, status=1}, TodoEntity{id=3, description='test', createdAt=2022-08-25 12:32:33.0, updatedAt=null, status=1}, TodoEntity{id=4, description='test', createdAt=2022-08-25 12:32:33.0, updatedAt=null, status=1}, TodoEntity{id=5, description='test', createdAt=2022-08-25 12:32:34.0, updatedAt=null, status=1}, TodoEntity{id=6, description='test6', createdAt=2022-08-25 12:37:15.0, updatedAt=null, status=1}, TodoEntity{id=7, description='test7', createdAt=2022-08-26 06:39:02.0, updatedAt=null, status=1}, TodoEntity{id=8, description='test8', createdAt=2022-08-26 07:00:37.0, updatedAt=null, status=1}, TodoEntity{id=9, description='test8', createdAt=2022-08-29 19:00:21.0, updatedAt=null, status=1}, TodoEntity{id=10, description='test8', createdAt=2022-08-29 19:06:08.0, updatedAt=null, status=1}]
2022-08-29 20:49:27 [http-nio-8080-exec-7] INFO  com.example.todo.api.TodoController - REQUEST: Iniciando petición para obtener el listado de TODO's
2022-08-29 20:49:27 [http-nio-8080-exec-7] INFO  com.example.todo.bl.TodoBl - BUSINESS-LOGIC: Iniciando consulta para obtener el listado de todo's
2022-08-29 20:49:27 [http-nio-8080-exec-7] INFO  com.example.todo.bl.TodoBl - BUSINESS-LOGIC: La consulta para obtener el listado de todo's retorno: [TodoEntity{id=1, description='test', createdAt=2022-08-25 12:32:32.0, updatedAt=null, status=1}, TodoEntity{id=2, description='test', createdAt=2022-08-25 12:32:32.0, updatedAt=null, status=1}, TodoEntity{id=3, description='test', createdAt=2022-08-25 12:32:33.0, updatedAt=null, status=1}, TodoEntity{id=4, description='test', createdAt=2022-08-25 12:32:33.0, updatedAt=null, status=1}, TodoEntity{id=5, description='test', createdAt=2022-08-25 12:32:34.0, updatedAt=null, status=1}, TodoEntity{id=6, description='test6', createdAt=2022-08-25 12:37:15.0, updatedAt=null, status=1}, TodoEntity{id=7, description='test7', createdAt=2022-08-26 06:39:02.0, updatedAt=null, status=1}, TodoEntity{id=8, description='test8', createdAt=2022-08-26 07:00:37.0, updatedAt=null, status=1}, TodoEntity{id=9, description='test8', createdAt=2022-08-29 19:00:21.0, updatedAt=null, status=1}, TodoEntity{id=10, description='test8', createdAt=2022-08-29 19:06:08.0, updatedAt=null, status=1}]
